[0.007s] Invoking command in '/home/alvaro/github.com/turtlesim-follow-path/build/follow_path': DEBUGINFOD_URLS=https://debuginfod.ubuntu.com PIXI_PROMPT=(turtlesim-follow-path) /home/alvaro/github.com/turtlesim-follow-path/.pixi/envs/default/bin/cmake --build /home/alvaro/github.com/turtlesim-follow-path/build/follow_path -- -j20 -l20
[0.013s] 
[0.013s] [0/1] Re-running CMake...[K
[0.023s] -- Found ament_cmake: 1.3.7 (/home/alvaro/github.com/turtlesim-follow-path/.pixi/envs/default/share/ament_cmake/cmake)
[0.036s] -- Found Python3: /home/alvaro/github.com/turtlesim-follow-path/.pixi/envs/default/bin/python (found version "3.11.8") found components: Interpreter 
[0.080s] -- Override CMake install command with custom implementation using symlinks instead of copying resources
[0.086s] -- Found rclcpp: 16.0.8 (/home/alvaro/github.com/turtlesim-follow-path/.pixi/envs/default/share/rclcpp/cmake)
[0.110s] -- Found rosidl_generator_c: 3.1.5 (/home/alvaro/github.com/turtlesim-follow-path/.pixi/envs/default/share/rosidl_generator_c/cmake)
[0.113s] -- Found rosidl_adapter: 3.1.5 (/home/alvaro/github.com/turtlesim-follow-path/.pixi/envs/default/share/rosidl_adapter/cmake)
[0.119s] -- Found rosidl_generator_cpp: 3.1.5 (/home/alvaro/github.com/turtlesim-follow-path/.pixi/envs/default/share/rosidl_generator_cpp/cmake)
[0.130s] -- Using all available rosidl_typesupport_c: rosidl_typesupport_fastrtps_c;rosidl_typesupport_introspection_c
[0.147s] -- Using all available rosidl_typesupport_cpp: rosidl_typesupport_fastrtps_cpp;rosidl_typesupport_introspection_cpp
[0.221s] -- Found rmw_implementation_cmake: 6.1.1 (/home/alvaro/github.com/turtlesim-follow-path/.pixi/envs/default/share/rmw_implementation_cmake/cmake)
[0.222s] -- Found rmw_fastrtps_cpp: 6.2.6 (/home/alvaro/github.com/turtlesim-follow-path/.pixi/envs/default/share/rmw_fastrtps_cpp/cmake)
[0.330s] -- Using RMW implementation 'rmw_fastrtps_cpp' as default
[0.451s] -- Found std_msgs: 4.2.3 (/home/alvaro/github.com/turtlesim-follow-path/.pixi/envs/default/share/std_msgs/cmake)
[0.485s] -- Found geometry_msgs: 4.2.3 (/home/alvaro/github.com/turtlesim-follow-path/.pixi/envs/default/share/geometry_msgs/cmake)
[0.528s] -- Found rosidl_default_generators: 1.2.0 (/home/alvaro/github.com/turtlesim-follow-path/.pixi/envs/default/share/rosidl_default_generators/cmake)
[0.737s] -- Found Python3: /home/alvaro/github.com/turtlesim-follow-path/.pixi/envs/default/include/python3.11 (found version "3.11.8") found components: Development NumPy Interpreter Development.Module Development.Embed 
[0.757s] -- Found Python3: /home/alvaro/github.com/turtlesim-follow-path/.pixi/envs/default/bin/python (found version "3.11.8") found components: Interpreter 
[0.928s] -- Found ament_cmake_ros: 0.10.0 (/home/alvaro/github.com/turtlesim-follow-path/.pixi/envs/default/share/ament_cmake_ros/cmake)
[1.163s] -- Using all available rosidl_typesupport_c: rosidl_typesupport_fastrtps_c;rosidl_typesupport_introspection_c
[1.255s] -- Using all available rosidl_typesupport_cpp: rosidl_typesupport_fastrtps_cpp;rosidl_typesupport_introspection_cpp
[1.257s] [33mCMake Warning (dev) at /home/alvaro/github.com/turtlesim-follow-path/.pixi/envs/default/share/rosidl_generator_py/cmake/rosidl_generator_py_generate_interfaces.cmake:20 (find_package):
[1.257s]   Policy CMP0148 is not set: The FindPythonInterp and FindPythonLibs modules
[1.257s]   are removed.  Run "cmake --help-policy CMP0148" for policy details.  Use
[1.257s]   the cmake_policy command to set the policy and suppress this warning.
[1.257s] 
[1.257s] Call Stack (most recent call first):
[1.257s]   /home/alvaro/github.com/turtlesim-follow-path/.pixi/envs/default/share/ament_cmake_core/cmake/core/ament_execute_extensions.cmake:48 (include)
[1.257s]   /home/alvaro/github.com/turtlesim-follow-path/.pixi/envs/default/share/rosidl_cmake/cmake/rosidl_generate_interfaces.cmake:286 (ament_execute_extensions)
[1.257s]   CMakeLists.txt:28 (rosidl_generate_interfaces)
[1.257s] This warning is for project developers.  Use -Wno-dev to suppress it.
[1.257s] [0m
[1.266s] -- Found PythonInterp: /home/alvaro/github.com/turtlesim-follow-path/.pixi/envs/default/bin/python3 (found suitable version "3.11.8", minimum required is "3.6") 
[1.269s] -- Found python_cmake_module: 0.10.0 (/home/alvaro/github.com/turtlesim-follow-path/.pixi/envs/default/share/python_cmake_module/cmake)
[1.269s] [33mCMake Warning (dev) at /home/alvaro/github.com/turtlesim-follow-path/.pixi/envs/default/share/python_cmake_module/cmake/Modules/FindPythonExtra.cmake:52 (find_package):
[1.269s]   Policy CMP0148 is not set: The FindPythonInterp and FindPythonLibs modules
[1.269s]   are removed.  Run "cmake --help-policy CMP0148" for policy details.  Use
[1.269s]   the cmake_policy command to set the policy and suppress this warning.
[1.270s] 
[1.270s] Call Stack (most recent call first):
[1.270s]   /home/alvaro/github.com/turtlesim-follow-path/.pixi/envs/default/share/rosidl_generator_py/cmake/rosidl_generator_py_generate_interfaces.cmake:23 (find_package)
[1.270s]   /home/alvaro/github.com/turtlesim-follow-path/.pixi/envs/default/share/ament_cmake_core/cmake/core/ament_execute_extensions.cmake:48 (include)
[1.270s]   /home/alvaro/github.com/turtlesim-follow-path/.pixi/envs/default/share/rosidl_cmake/cmake/rosidl_generate_interfaces.cmake:286 (ament_execute_extensions)
[1.270s]   CMakeLists.txt:28 (rosidl_generate_interfaces)
[1.270s] This warning is for project developers.  Use -Wno-dev to suppress it.
[1.270s] [0m
[1.279s] [33mCMake Warning (dev) at /home/alvaro/github.com/turtlesim-follow-path/.pixi/envs/default/share/python_cmake_module/cmake/Modules/FindPythonExtra.cmake:140 (find_package):
[1.279s]   Policy CMP0148 is not set: The FindPythonInterp and FindPythonLibs modules
[1.279s]   are removed.  Run "cmake --help-policy CMP0148" for policy details.  Use
[1.279s]   the cmake_policy command to set the policy and suppress this warning.
[1.279s] 
[1.279s] Call Stack (most recent call first):
[1.279s]   /home/alvaro/github.com/turtlesim-follow-path/.pixi/envs/default/share/rosidl_generator_py/cmake/rosidl_generator_py_generate_interfaces.cmake:23 (find_package)
[1.279s]   /home/alvaro/github.com/turtlesim-follow-path/.pixi/envs/default/share/ament_cmake_core/cmake/core/ament_execute_extensions.cmake:48 (include)
[1.279s]   /home/alvaro/github.com/turtlesim-follow-path/.pixi/envs/default/share/rosidl_cmake/cmake/rosidl_generate_interfaces.cmake:286 (ament_execute_extensions)
[1.279s]   CMakeLists.txt:28 (rosidl_generate_interfaces)
[1.279s] This warning is for project developers.  Use -Wno-dev to suppress it.
[1.279s] [0m
[1.282s] -- Found PythonLibs: /home/alvaro/github.com/turtlesim-follow-path/.pixi/envs/default/lib/libpython3.11.so (found suitable version "3.11.8", minimum required is "3.5") 
[1.282s] -- Using PYTHON_EXECUTABLE: /home/alvaro/github.com/turtlesim-follow-path/.pixi/envs/default/bin/python3
[1.282s] -- Using PYTHON_INCLUDE_DIRS: /home/alvaro/github.com/turtlesim-follow-path/.pixi/envs/default/include/python3.11
[1.282s] -- Using PYTHON_LIBRARIES: /home/alvaro/github.com/turtlesim-follow-path/.pixi/envs/default/lib/libpython3.11.so
[1.292s] -- Found PythonExtra: .so  
[1.507s] -- Found Python3: /home/alvaro/github.com/turtlesim-follow-path/.pixi/envs/default/include/python3.11 (found version "3.11.8") found components: Development NumPy Interpreter Development.Module Development.Embed 
[1.566s] -- Found ament_lint_auto: 0.12.10 (/home/alvaro/github.com/turtlesim-follow-path/.pixi/envs/default/share/ament_lint_auto/cmake)
[1.577s] -- Added test 'cppcheck' to perform static code analysis on C / C++ code
[1.578s] -- Configured cppcheck include dirs: $<BUILD_INTERFACE:/home/alvaro/github.com/turtlesim-follow-path/src/follow-path/include>
[1.578s] -- Configured cppcheck exclude dirs and/or files: 
[1.579s] -- Added test 'lint_cmake' to check CMake code style
[1.583s] -- Added test 'uncrustify' to check C / C++ code style
[1.583s] -- Configured uncrustify additional arguments: 
[1.583s] -- Added test 'xmllint' to check XML markup files
[1.586s] -- Configuring done (1.6s)
[1.613s] -- Generating done (0.0s)
[1.618s] -- Build files have been written to: /home/alvaro/github.com/turtlesim-follow-path/build/follow_path
[1.629s] 
[1.629s] [0/36] Generating C code for ROS interfaces[K
[1.630s] [0/36] Generating C++ code for ROS interfaces[K
[1.630s] [0/36] Building CXX object CMakeFiles/follow_path_node.dir/src/follow_path_node.cpp.o[K
[1.634s] [0/36] cd /home/alvaro/github.com/turtlesim-follow-path/build/follow_path && /home/alvaro/github.com/turtlesim-follow-path/.pixi/envs/default/bin/cmake -E create_symlink /home/alvaro/github.com/turtlesim-follow-path/build/follow_path/rosidl_generator_py/follow_path /home/alvaro/github.com/turtlesim-follow-path/build/follow_path/ament_cmake_python/follow_path/follow_path[K
[1.634s] [1/36] cd /home/alvaro/github.com/turtlesim-follow-path/build/follow_path && /home/alvaro/github.com/turtlesim-follow-path/.pixi/envs/default/bin/cmake -E create_symlink /home/alvaro/github.com/turtlesim-follow-path/build/follow_path/rosidl_generator_py/follow_path /home/alvaro/github.com/turtlesim-follow-path/build/follow_path/ament_cmake_python/follow_path/follow_path[K
[1.771s] [1/36] cd /home/alvaro/github.com/turtlesim-follow-path/build/follow_path/ament_cmake_python/follow_path && /home/alvaro/github.com/turtlesim-follow-path/.pixi/envs/default/bin/python setup.py egg_info[K
[1.771s] [2/36] Generating C++ code for ROS interfaces[K
[1.771s] [2/36] Generating C++ type support for eProsima Fast-RTPS[K
[1.771s] [2/36] Generating C++ introspection for ROS interfaces[K
[1.774s] [2/36] Generating C++ type support dispatch for ROS interfaces[K
[1.774s] [3/36] Generating C code for ROS interfaces[K
[1.826s] [3/36] Building C object CMakeFiles/follow_path__rosidl_generator_c.dir/rosidl_generator_c/follow_path/srv/detail/go_to__functions.c.o[K
[1.826s] [4/36] cd /home/alvaro/github.com/turtlesim-follow-path/build/follow_path/ament_cmake_python/follow_path && /home/alvaro/github.com/turtlesim-follow-path/.pixi/envs/default/bin/python setup.py egg_info[K
[1.826s] running egg_info
[1.826s] creating follow_path.egg-info
[1.826s] writing follow_path.egg-info/PKG-INFO
[1.826s] writing dependency_links to follow_path.egg-info/dependency_links.txt
[1.826s] writing top-level names to follow_path.egg-info/top_level.txt
[1.826s] writing manifest file 'follow_path.egg-info/SOURCES.txt'
[1.827s] reading manifest file 'follow_path.egg-info/SOURCES.txt'
[1.827s] writing manifest file 'follow_path.egg-info/SOURCES.txt'
[1.870s] 
[1.870s] [5/36] Building C object CMakeFiles/follow_path__rosidl_generator_c.dir/rosidl_generator_c/follow_path/srv/detail/go_to__functions.c.o[K
[1.883s] [5/36] Linking C shared library libfollow_path__rosidl_generator_c.so[K
[1.883s] [6/36] Linking C shared library libfollow_path__rosidl_generator_c.so[K
[1.883s] [6/36] Generating C type support for eProsima Fast-RTPS[K
[1.883s] [6/36] Generating C introspection for ROS interfaces[K
[1.899s] [6/36] Generating C type support dispatch for ROS interfaces[K
[1.899s] [7/36] Generating C++ type support dispatch for ROS interfaces[K
[1.907s] [7/36] Building CXX object CMakeFiles/follow_path__rosidl_typesupport_cpp.dir/rosidl_typesupport_cpp/follow_path/srv/go_to__type_support.cpp.o[K
[1.907s] [8/36] Generating C++ introspection for ROS interfaces[K
[1.915s] [8/36] Building CXX object CMakeFiles/follow_path__rosidl_typesupport_introspection_cpp.dir/rosidl_typesupport_introspection_cpp/follow_path/srv/detail/go_to__type_support.cpp.o[K
[1.915s] [9/36] Generating C++ type support for eProsima Fast-RTPS[K
[2.008s] [9/36] Building CXX object CMakeFiles/follow_path__rosidl_typesupport_fastrtps_cpp.dir/rosidl_typesupport_fastrtps_cpp/follow_path/srv/detail/dds_fastrtps/go_to__type_support.cpp.o[K
[2.008s] [10/36] Generating C type support dispatch for ROS interfaces[K
[2.023s] [10/36] Building CXX object CMakeFiles/follow_path__rosidl_typesupport_c.dir/rosidl_typesupport_c/follow_path/srv/go_to__type_support.cpp.o[K
[2.023s] [11/36] Generating C introspection for ROS interfaces[K
[2.026s] [11/36] Building C object CMakeFiles/follow_path__rosidl_typesupport_introspection_c.dir/rosidl_typesupport_introspection_c/follow_path/srv/detail/go_to__type_support.c.o[K
[2.027s] [12/36] Generating C type support for eProsima Fast-RTPS[K
[2.027s] [12/36] Building CXX object CMakeFiles/follow_path__rosidl_typesupport_fastrtps_c.dir/rosidl_typesupport_fastrtps_c/follow_path/srv/detail/go_to__type_support_c.cpp.o[K
[2.027s] [13/36] Building CXX object CMakeFiles/follow_path__rosidl_typesupport_c.dir/rosidl_typesupport_c/follow_path/srv/go_to__type_support.cpp.o[K
[2.042s] [13/36] Linking CXX shared library libfollow_path__rosidl_typesupport_c.so[K
[2.047s] [14/36] Linking CXX shared library libfollow_path__rosidl_typesupport_c.so[K
[2.047s] [15/36] Building C object CMakeFiles/follow_path__rosidl_typesupport_introspection_c.dir/rosidl_typesupport_introspection_c/follow_path/srv/detail/go_to__type_support.c.o[K
[2.056s] [15/36] Linking C shared library libfollow_path__rosidl_typesupport_introspection_c.so[K
[2.142s] [16/36] Linking C shared library libfollow_path__rosidl_typesupport_introspection_c.so[K
[2.142s] [17/36] Building CXX object CMakeFiles/follow_path__rosidl_typesupport_cpp.dir/rosidl_typesupport_cpp/follow_path/srv/go_to__type_support.cpp.o[K
[2.157s] [17/36] Linking CXX shared library libfollow_path__rosidl_typesupport_cpp.so[K
[2.184s] [18/36] Linking CXX shared library libfollow_path__rosidl_typesupport_cpp.so[K
[2.184s] [19/36] Building CXX object CMakeFiles/follow_path__rosidl_typesupport_introspection_cpp.dir/rosidl_typesupport_introspection_cpp/follow_path/srv/detail/go_to__type_support.cpp.o[K
[2.199s] [19/36] Linking CXX shared library libfollow_path__rosidl_typesupport_introspection_cpp.so[K
[2.280s] [20/36] Linking CXX shared library libfollow_path__rosidl_typesupport_introspection_cpp.so[K
[2.280s] [21/36] Building CXX object CMakeFiles/follow_path__rosidl_typesupport_fastrtps_cpp.dir/rosidl_typesupport_fastrtps_cpp/follow_path/srv/detail/dds_fastrtps/go_to__type_support.cpp.o[K
[2.320s] [21/36] Linking CXX shared library libfollow_path__rosidl_typesupport_fastrtps_cpp.so[K
[2.338s] [22/36] Linking CXX shared library libfollow_path__rosidl_typesupport_fastrtps_cpp.so[K
[2.338s] [23/36] Building CXX object CMakeFiles/follow_path__rosidl_typesupport_fastrtps_c.dir/rosidl_typesupport_fastrtps_c/follow_path/srv/detail/go_to__type_support_c.cpp.o[K
[2.377s] [23/36] Linking CXX shared library libfollow_path__rosidl_typesupport_fastrtps_c.so[K
[2.377s] [24/36] Linking CXX shared library libfollow_path__rosidl_typesupport_fastrtps_c.so[K
[2.560s] [24/36] Generating Python code for ROS interfaces[K
[2.560s] [25/36] Generating Python code for ROS interfaces[K
[2.560s] [25/36] Building C object CMakeFiles/follow_path__rosidl_generator_py.dir/rosidl_generator_py/follow_path/srv/_go_to_s.c.o[K
[2.560s] [25/36] Building C object CMakeFiles/follow_path__rosidl_typesupport_fastrtps_c__pyext.dir/rosidl_generator_py/follow_path/_follow_path_s.ep.rosidl_typesupport_fastrtps_c.c.o[K
[2.560s] [25/36] Building C object CMakeFiles/follow_path__rosidl_typesupport_introspection_c__pyext.dir/rosidl_generator_py/follow_path/_follow_path_s.ep.rosidl_typesupport_introspection_c.c.o[K
[2.636s] [25/36] Building C object CMakeFiles/follow_path__rosidl_typesupport_c__pyext.dir/rosidl_generator_py/follow_path/_follow_path_s.ep.rosidl_typesupport_c.c.o[K
[2.638s] [26/36] Building C object CMakeFiles/follow_path__rosidl_typesupport_fastrtps_c__pyext.dir/rosidl_generator_py/follow_path/_follow_path_s.ep.rosidl_typesupport_fastrtps_c.c.o[K
[2.639s] [27/36] Building C object CMakeFiles/follow_path__rosidl_typesupport_introspection_c__pyext.dir/rosidl_generator_py/follow_path/_follow_path_s.ep.rosidl_typesupport_introspection_c.c.o[K
[2.656s] [28/36] Building C object CMakeFiles/follow_path__rosidl_typesupport_c__pyext.dir/rosidl_generator_py/follow_path/_follow_path_s.ep.rosidl_typesupport_c.c.o[K
[2.656s] [29/36] Building C object CMakeFiles/follow_path__rosidl_generator_py.dir/rosidl_generator_py/follow_path/srv/_go_to_s.c.o[K
[2.669s] [29/36] Linking C shared library rosidl_generator_py/follow_path/libfollow_path__rosidl_generator_py.so[K
[2.669s] [30/36] Linking C shared library rosidl_generator_py/follow_path/libfollow_path__rosidl_generator_py.so[K
[2.669s] [30/36] Linking C shared library rosidl_generator_py/follow_path/follow_path_s__rosidl_typesupport_fastrtps_c.cpython-311-x86_64-linux-gnu.so[K
[2.669s] [30/36] Linking C shared library rosidl_generator_py/follow_path/follow_path_s__rosidl_typesupport_introspection_c.cpython-311-x86_64-linux-gnu.so[K
[2.680s] [30/36] Linking C shared library rosidl_generator_py/follow_path/follow_path_s__rosidl_typesupport_c.cpython-311-x86_64-linux-gnu.so[K
[2.680s] [31/36] Linking C shared library rosidl_generator_py/follow_path/follow_path_s__rosidl_typesupport_c.cpython-311-x86_64-linux-gnu.so[K
[2.680s] [32/36] Linking C shared library rosidl_generator_py/follow_path/follow_path_s__rosidl_typesupport_fastrtps_c.cpython-311-x86_64-linux-gnu.so[K
[5.940s] [33/36] Linking C shared library rosidl_generator_py/follow_path/follow_path_s__rosidl_typesupport_introspection_c.cpython-311-x86_64-linux-gnu.so[K
[5.940s] [34/36] Building CXX object CMakeFiles/follow_path_node.dir/src/follow_path_node.cpp.o[K
[6.001s] [34/36] Linking CXX executable follow_path_node[K
[6.001s] [35/36] Linking CXX executable follow_path_node[K
[6.003s] Invoked command in '/home/alvaro/github.com/turtlesim-follow-path/build/follow_path' returned '0': DEBUGINFOD_URLS=https://debuginfod.ubuntu.com PIXI_PROMPT=(turtlesim-follow-path) /home/alvaro/github.com/turtlesim-follow-path/.pixi/envs/default/bin/cmake --build /home/alvaro/github.com/turtlesim-follow-path/build/follow_path -- -j20 -l20
[6.019s] Invoking command in '/home/alvaro/github.com/turtlesim-follow-path/build/follow_path': DEBUGINFOD_URLS=https://debuginfod.ubuntu.com PIXI_PROMPT=(turtlesim-follow-path) /home/alvaro/github.com/turtlesim-follow-path/.pixi/envs/default/bin/cmake --install /home/alvaro/github.com/turtlesim-follow-path/build/follow_path
[6.022s] -- Install configuration: ""
[6.023s] -- Execute custom install script
[6.023s] -- Symlinking: /home/alvaro/github.com/turtlesim-follow-path/install/follow_path/share/ament_index/resource_index/rosidl_interfaces/follow_path
[6.027s] -- Symlinking: /home/alvaro/github.com/turtlesim-follow-path/install/follow_path/include/follow_path/follow_path/msg/rosidl_generator_c__visibility_control.h
[6.030s] -- Symlinking: /home/alvaro/github.com/turtlesim-follow-path/install/follow_path/include/follow_path/follow_path/srv/detail/go_to__functions.h
[6.033s] -- Symlinking: /home/alvaro/github.com/turtlesim-follow-path/install/follow_path/include/follow_path/follow_path/srv/detail/go_to__struct.h
[6.037s] -- Symlinking: /home/alvaro/github.com/turtlesim-follow-path/install/follow_path/include/follow_path/follow_path/srv/detail/go_to__type_support.h
[6.040s] -- Symlinking: /home/alvaro/github.com/turtlesim-follow-path/install/follow_path/include/follow_path/follow_path/srv/go_to.h
[6.044s] -- Symlinking: /home/alvaro/github.com/turtlesim-follow-path/install/follow_path/include/follow_path/follow_path/msg/rosidl_typesupport_fastrtps_c__visibility_control.h
[6.048s] -- Symlinking: /home/alvaro/github.com/turtlesim-follow-path/install/follow_path/include/follow_path/follow_path/srv/detail/go_to__rosidl_typesupport_fastrtps_c.h
[6.053s] -- Symlinking: /home/alvaro/github.com/turtlesim-follow-path/install/follow_path/include/follow_path/follow_path/srv/detail/go_to__builder.hpp
[6.057s] -- Symlinking: /home/alvaro/github.com/turtlesim-follow-path/install/follow_path/include/follow_path/follow_path/srv/detail/go_to__struct.hpp
[6.061s] -- Symlinking: /home/alvaro/github.com/turtlesim-follow-path/install/follow_path/include/follow_path/follow_path/srv/detail/go_to__traits.hpp
[6.066s] -- Symlinking: /home/alvaro/github.com/turtlesim-follow-path/install/follow_path/include/follow_path/follow_path/srv/go_to.hpp
[6.072s] -- Symlinking: /home/alvaro/github.com/turtlesim-follow-path/install/follow_path/include/follow_path/follow_path/msg/rosidl_typesupport_fastrtps_cpp__visibility_control.h
[6.077s] -- Symlinking: /home/alvaro/github.com/turtlesim-follow-path/install/follow_path/include/follow_path/follow_path/srv/detail/go_to__rosidl_typesupport_fastrtps_cpp.hpp
[6.083s] -- Symlinking: /home/alvaro/github.com/turtlesim-follow-path/install/follow_path/include/follow_path/follow_path/msg/rosidl_typesupport_introspection_c__visibility_control.h
[6.089s] -- Symlinking: /home/alvaro/github.com/turtlesim-follow-path/install/follow_path/include/follow_path/follow_path/srv/detail/go_to__rosidl_typesupport_introspection_c.h
[6.096s] -- Symlinking: /home/alvaro/github.com/turtlesim-follow-path/install/follow_path/include/follow_path/follow_path/srv/detail/go_to__rosidl_typesupport_introspection_cpp.hpp
[6.103s] -- Symlinking: /home/alvaro/github.com/turtlesim-follow-path/install/follow_path/share/follow_path/environment/pythonpath.sh
[6.109s] -- Symlinking: /home/alvaro/github.com/turtlesim-follow-path/install/follow_path/share/follow_path/environment/pythonpath.dsv
[6.116s] -- Symlinking: /home/alvaro/github.com/turtlesim-follow-path/install/follow_path/lib/python3.11/site-packages/follow_path-0.1.0-py3.11.egg-info/PKG-INFO
[6.123s] -- Symlinking: /home/alvaro/github.com/turtlesim-follow-path/install/follow_path/lib/python3.11/site-packages/follow_path-0.1.0-py3.11.egg-info/SOURCES.txt
[6.130s] -- Symlinking: /home/alvaro/github.com/turtlesim-follow-path/install/follow_path/lib/python3.11/site-packages/follow_path-0.1.0-py3.11.egg-info/dependency_links.txt
[6.136s] -- Symlinking: /home/alvaro/github.com/turtlesim-follow-path/install/follow_path/lib/python3.11/site-packages/follow_path-0.1.0-py3.11.egg-info/top_level.txt
[6.144s] -- Symlinking: /home/alvaro/github.com/turtlesim-follow-path/install/follow_path/lib/python3.11/site-packages/follow_path/__init__.py
[6.151s] -- Symlinking: /home/alvaro/github.com/turtlesim-follow-path/install/follow_path/lib/python3.11/site-packages/follow_path/_follow_path_s.ep.rosidl_typesupport_c.c
[6.157s] -- Symlinking: /home/alvaro/github.com/turtlesim-follow-path/install/follow_path/lib/python3.11/site-packages/follow_path/_follow_path_s.ep.rosidl_typesupport_fastrtps_c.c
[6.164s] -- Symlinking: /home/alvaro/github.com/turtlesim-follow-path/install/follow_path/lib/python3.11/site-packages/follow_path/_follow_path_s.ep.rosidl_typesupport_introspection_c.c
[6.171s] -- Symlinking: /home/alvaro/github.com/turtlesim-follow-path/install/follow_path/lib/python3.11/site-packages/follow_path/follow_path_s__rosidl_typesupport_c.cpython-311-x86_64-linux-gnu.so
[6.176s] -- Symlinking: /home/alvaro/github.com/turtlesim-follow-path/install/follow_path/lib/python3.11/site-packages/follow_path/follow_path_s__rosidl_typesupport_fastrtps_c.cpython-311-x86_64-linux-gnu.so
[6.180s] -- Symlinking: /home/alvaro/github.com/turtlesim-follow-path/install/follow_path/lib/python3.11/site-packages/follow_path/follow_path_s__rosidl_typesupport_introspection_c.cpython-311-x86_64-linux-gnu.so
[6.183s] -- Symlinking: /home/alvaro/github.com/turtlesim-follow-path/install/follow_path/lib/python3.11/site-packages/follow_path/libfollow_path__rosidl_generator_py.so
[6.186s] -- Symlinking: /home/alvaro/github.com/turtlesim-follow-path/install/follow_path/lib/python3.11/site-packages/follow_path/srv/__init__.py
[6.190s] -- Symlinking: /home/alvaro/github.com/turtlesim-follow-path/install/follow_path/lib/python3.11/site-packages/follow_path/srv/_go_to.py
[6.193s] -- Symlinking: /home/alvaro/github.com/turtlesim-follow-path/install/follow_path/lib/python3.11/site-packages/follow_path/srv/_go_to_s.c
[6.196s] -- Up-to-date symlink: /home/alvaro/github.com/turtlesim-follow-path/install/follow_path/lib/python3.11/site-packages/follow_path/follow_path_s__rosidl_typesupport_fastrtps_c.cpython-311-x86_64-linux-gnu.so
[6.197s] -- Up-to-date symlink: /home/alvaro/github.com/turtlesim-follow-path/install/follow_path/lib/python3.11/site-packages/follow_path/follow_path_s__rosidl_typesupport_introspection_c.cpython-311-x86_64-linux-gnu.so
[6.197s] -- Up-to-date symlink: /home/alvaro/github.com/turtlesim-follow-path/install/follow_path/lib/python3.11/site-packages/follow_path/follow_path_s__rosidl_typesupport_c.cpython-311-x86_64-linux-gnu.so
[6.197s] -- Symlinking: /home/alvaro/github.com/turtlesim-follow-path/install/follow_path/share/follow_path/srv/GoTo.idl
[6.200s] -- Symlinking: /home/alvaro/github.com/turtlesim-follow-path/install/follow_path/share/follow_path/srv/GoTo.srv
[6.204s] -- Symlinking: /home/alvaro/github.com/turtlesim-follow-path/install/follow_path/share/follow_path/srv/GoTo_Request.msg
[6.207s] -- Symlinking: /home/alvaro/github.com/turtlesim-follow-path/install/follow_path/share/follow_path/srv/GoTo_Response.msg
[6.211s] -- Up-to-date symlink: /home/alvaro/github.com/turtlesim-follow-path/install/follow_path/lib/follow_path/follow_path_node
[6.211s] -- Up-to-date symlink: /home/alvaro/github.com/turtlesim-follow-path/install/follow_path/share/ament_index/resource_index/package_run_dependencies/follow_path
[6.211s] -- Up-to-date symlink: /home/alvaro/github.com/turtlesim-follow-path/install/follow_path/share/ament_index/resource_index/parent_prefix_path/follow_path
[6.211s] -- Up-to-date symlink: /home/alvaro/github.com/turtlesim-follow-path/install/follow_path/share/follow_path/environment/ament_prefix_path.sh
[6.211s] -- Up-to-date symlink: /home/alvaro/github.com/turtlesim-follow-path/install/follow_path/share/follow_path/environment/ament_prefix_path.dsv
[6.211s] -- Up-to-date symlink: /home/alvaro/github.com/turtlesim-follow-path/install/follow_path/share/follow_path/environment/path.sh
[6.211s] -- Up-to-date symlink: /home/alvaro/github.com/turtlesim-follow-path/install/follow_path/share/follow_path/environment/path.dsv
[6.212s] -- Up-to-date symlink: /home/alvaro/github.com/turtlesim-follow-path/install/follow_path/share/follow_path/local_setup.bash
[6.212s] -- Up-to-date symlink: /home/alvaro/github.com/turtlesim-follow-path/install/follow_path/share/follow_path/local_setup.sh
[6.212s] -- Up-to-date symlink: /home/alvaro/github.com/turtlesim-follow-path/install/follow_path/share/follow_path/local_setup.zsh
[6.212s] -- Up-to-date symlink: /home/alvaro/github.com/turtlesim-follow-path/install/follow_path/share/follow_path/local_setup.dsv
[6.212s] -- Symlinking: /home/alvaro/github.com/turtlesim-follow-path/install/follow_path/share/follow_path/package.dsv
[6.216s] -- Up-to-date symlink: /home/alvaro/github.com/turtlesim-follow-path/install/follow_path/share/ament_index/resource_index/packages/follow_path
[6.216s] -- Symlinking: /home/alvaro/github.com/turtlesim-follow-path/install/follow_path/share/follow_path/cmake/rosidl_cmake-extras.cmake
[6.219s] -- Symlinking: /home/alvaro/github.com/turtlesim-follow-path/install/follow_path/share/follow_path/cmake/ament_cmake_export_dependencies-extras.cmake
[6.222s] -- Symlinking: /home/alvaro/github.com/turtlesim-follow-path/install/follow_path/share/follow_path/cmake/ament_cmake_export_include_directories-extras.cmake
[6.226s] -- Symlinking: /home/alvaro/github.com/turtlesim-follow-path/install/follow_path/share/follow_path/cmake/ament_cmake_export_libraries-extras.cmake
[6.229s] -- Symlinking: /home/alvaro/github.com/turtlesim-follow-path/install/follow_path/share/follow_path/cmake/ament_cmake_export_targets-extras.cmake
[6.233s] -- Symlinking: /home/alvaro/github.com/turtlesim-follow-path/install/follow_path/share/follow_path/cmake/rosidl_cmake_export_typesupport_targets-extras.cmake
[6.236s] -- Symlinking: /home/alvaro/github.com/turtlesim-follow-path/install/follow_path/share/follow_path/cmake/rosidl_cmake_export_typesupport_libraries-extras.cmake
[6.239s] -- Up-to-date symlink: /home/alvaro/github.com/turtlesim-follow-path/install/follow_path/share/follow_path/cmake/follow_pathConfig.cmake
[6.240s] -- Up-to-date symlink: /home/alvaro/github.com/turtlesim-follow-path/install/follow_path/share/follow_path/cmake/follow_pathConfig-version.cmake
[6.240s] -- Up-to-date symlink: /home/alvaro/github.com/turtlesim-follow-path/install/follow_path/share/follow_path/package.xml
[6.240s] -- Installing: /home/alvaro/github.com/turtlesim-follow-path/install/follow_path/lib/libfollow_path__rosidl_generator_c.so
[6.240s] -- Installing: /home/alvaro/github.com/turtlesim-follow-path/install/follow_path/lib/libfollow_path__rosidl_typesupport_fastrtps_c.so
[6.240s] -- Set non-toolchain portion of runtime path of "/home/alvaro/github.com/turtlesim-follow-path/install/follow_path/lib/libfollow_path__rosidl_typesupport_fastrtps_c.so" to ""
[6.240s] -- Installing: /home/alvaro/github.com/turtlesim-follow-path/install/follow_path/lib/libfollow_path__rosidl_typesupport_fastrtps_cpp.so
[6.240s] -- Installing: /home/alvaro/github.com/turtlesim-follow-path/install/follow_path/lib/libfollow_path__rosidl_typesupport_introspection_c.so
[6.240s] -- Set non-toolchain portion of runtime path of "/home/alvaro/github.com/turtlesim-follow-path/install/follow_path/lib/libfollow_path__rosidl_typesupport_introspection_c.so" to ""
[6.240s] -- Installing: /home/alvaro/github.com/turtlesim-follow-path/install/follow_path/lib/libfollow_path__rosidl_typesupport_c.so
[6.240s] -- Set non-toolchain portion of runtime path of "/home/alvaro/github.com/turtlesim-follow-path/install/follow_path/lib/libfollow_path__rosidl_typesupport_c.so" to ""
[6.241s] -- Installing: /home/alvaro/github.com/turtlesim-follow-path/install/follow_path/lib/libfollow_path__rosidl_typesupport_introspection_cpp.so
[6.241s] -- Installing: /home/alvaro/github.com/turtlesim-follow-path/install/follow_path/lib/libfollow_path__rosidl_typesupport_cpp.so
[6.262s] Listing 'lib/python3.11/site-packages/follow_path'...
[6.262s] Can't list 'lib/python3.11/site-packages/follow_path'
[6.265s] -- Installing: /home/alvaro/github.com/turtlesim-follow-path/install/follow_path/lib/libfollow_path__rosidl_generator_py.so
[6.265s] -- Set non-toolchain portion of runtime path of "/home/alvaro/github.com/turtlesim-follow-path/install/follow_path/lib/libfollow_path__rosidl_generator_py.so" to ""
[6.265s] -- Installing: /home/alvaro/github.com/turtlesim-follow-path/install/follow_path/share/follow_path/cmake/export_follow_path__rosidl_generator_cExport.cmake
[6.265s] -- Installing: /home/alvaro/github.com/turtlesim-follow-path/install/follow_path/share/follow_path/cmake/export_follow_path__rosidl_generator_cExport-noconfig.cmake
[6.265s] -- Installing: /home/alvaro/github.com/turtlesim-follow-path/install/follow_path/share/follow_path/cmake/export_follow_path__rosidl_typesupport_fastrtps_cExport.cmake
[6.265s] -- Installing: /home/alvaro/github.com/turtlesim-follow-path/install/follow_path/share/follow_path/cmake/export_follow_path__rosidl_typesupport_fastrtps_cExport-noconfig.cmake
[6.265s] -- Installing: /home/alvaro/github.com/turtlesim-follow-path/install/follow_path/share/follow_path/cmake/export_follow_path__rosidl_generator_cppExport.cmake
[6.265s] -- Installing: /home/alvaro/github.com/turtlesim-follow-path/install/follow_path/share/follow_path/cmake/export_follow_path__rosidl_typesupport_fastrtps_cppExport.cmake
[6.265s] -- Installing: /home/alvaro/github.com/turtlesim-follow-path/install/follow_path/share/follow_path/cmake/export_follow_path__rosidl_typesupport_fastrtps_cppExport-noconfig.cmake
[6.266s] -- Installing: /home/alvaro/github.com/turtlesim-follow-path/install/follow_path/share/follow_path/cmake/follow_path__rosidl_typesupport_introspection_cExport.cmake
[6.266s] -- Installing: /home/alvaro/github.com/turtlesim-follow-path/install/follow_path/share/follow_path/cmake/follow_path__rosidl_typesupport_introspection_cExport-noconfig.cmake
[6.266s] -- Installing: /home/alvaro/github.com/turtlesim-follow-path/install/follow_path/share/follow_path/cmake/follow_path__rosidl_typesupport_cExport.cmake
[6.266s] -- Installing: /home/alvaro/github.com/turtlesim-follow-path/install/follow_path/share/follow_path/cmake/follow_path__rosidl_typesupport_cExport-noconfig.cmake
[6.266s] -- Installing: /home/alvaro/github.com/turtlesim-follow-path/install/follow_path/share/follow_path/cmake/follow_path__rosidl_typesupport_introspection_cppExport.cmake
[6.266s] -- Installing: /home/alvaro/github.com/turtlesim-follow-path/install/follow_path/share/follow_path/cmake/follow_path__rosidl_typesupport_introspection_cppExport-noconfig.cmake
[6.266s] -- Installing: /home/alvaro/github.com/turtlesim-follow-path/install/follow_path/share/follow_path/cmake/follow_path__rosidl_typesupport_cppExport.cmake
[6.266s] -- Installing: /home/alvaro/github.com/turtlesim-follow-path/install/follow_path/share/follow_path/cmake/follow_path__rosidl_typesupport_cppExport-noconfig.cmake
[6.266s] -- Installing: /home/alvaro/github.com/turtlesim-follow-path/install/follow_path/share/follow_path/cmake/export_follow_path__rosidl_generator_pyExport.cmake
[6.266s] -- Installing: /home/alvaro/github.com/turtlesim-follow-path/install/follow_path/share/follow_path/cmake/export_follow_path__rosidl_generator_pyExport-noconfig.cmake
[6.267s] Invoked command in '/home/alvaro/github.com/turtlesim-follow-path/build/follow_path' returned '0': DEBUGINFOD_URLS=https://debuginfod.ubuntu.com PIXI_PROMPT=(turtlesim-follow-path) /home/alvaro/github.com/turtlesim-follow-path/.pixi/envs/default/bin/cmake --install /home/alvaro/github.com/turtlesim-follow-path/build/follow_path
