[0.007s] Invoking command in '/home/alvaro/github.com/turtlesim-follow-path/build/follow_path': DEBUGINFOD_URLS=https://debuginfod.ubuntu.com PIXI_PROMPT=(turtlesim-follow-path) /home/alvaro/github.com/turtlesim-follow-path/.pixi/envs/default/bin/cmake --build /home/alvaro/github.com/turtlesim-follow-path/build/follow_path -- -j20 -l20
[0.015s] 
[0.015s] [0/12] Building C object CMakeFiles/follow_path__rosidl_generator_py.dir/rosidl_generator_py/follow_path/srv/_go_to_s.c.o[K
[0.015s] [0/12] Building C object CMakeFiles/follow_path__rosidl_typesupport_fastrtps_c__pyext.dir/rosidl_generator_py/follow_path/_follow_path_s.ep.rosidl_typesupport_fastrtps_c.c.o[K
[0.016s] [0/12] Building C object CMakeFiles/follow_path__rosidl_typesupport_introspection_c__pyext.dir/rosidl_generator_py/follow_path/_follow_path_s.ep.rosidl_typesupport_introspection_c.c.o[K
[0.016s] [0/12] Building C object CMakeFiles/follow_path__rosidl_typesupport_c__pyext.dir/rosidl_generator_py/follow_path/_follow_path_s.ep.rosidl_typesupport_c.c.o[K
[0.016s] [0/12] Building CXX object CMakeFiles/follow_path_node.dir/src/follow_path_node.cpp.o[K
[0.021s] [0/12] cd /home/alvaro/github.com/turtlesim-follow-path/build/follow_path && /home/alvaro/github.com/turtlesim-follow-path/.pixi/envs/default/bin/cmake -E create_symlink /home/alvaro/github.com/turtlesim-follow-path/build/follow_path/rosidl_generator_py/follow_path /home/alvaro/github.com/turtlesim-follow-path/build/follow_path/ament_cmake_python/follow_path/follow_path[K
[0.021s] [1/12] cd /home/alvaro/github.com/turtlesim-follow-path/build/follow_path && /home/alvaro/github.com/turtlesim-follow-path/.pixi/envs/default/bin/cmake -E create_symlink /home/alvaro/github.com/turtlesim-follow-path/build/follow_path/rosidl_generator_py/follow_path /home/alvaro/github.com/turtlesim-follow-path/build/follow_path/ament_cmake_python/follow_path/follow_path[K
[0.093s] [1/12] cd /home/alvaro/github.com/turtlesim-follow-path/build/follow_path/ament_cmake_python/follow_path && /home/alvaro/github.com/turtlesim-follow-path/.pixi/envs/default/bin/python setup.py egg_info[K
[0.093s] [2/12] Building C object CMakeFiles/follow_path__rosidl_typesupport_c__pyext.dir/rosidl_generator_py/follow_path/_follow_path_s.ep.rosidl_typesupport_c.c.o[K
[0.094s] [3/12] Building C object CMakeFiles/follow_path__rosidl_typesupport_fastrtps_c__pyext.dir/rosidl_generator_py/follow_path/_follow_path_s.ep.rosidl_typesupport_fastrtps_c.c.o[K
[0.112s] [4/12] Building C object CMakeFiles/follow_path__rosidl_typesupport_introspection_c__pyext.dir/rosidl_generator_py/follow_path/_follow_path_s.ep.rosidl_typesupport_introspection_c.c.o[K
[0.112s] [5/12] Building C object CMakeFiles/follow_path__rosidl_generator_py.dir/rosidl_generator_py/follow_path/srv/_go_to_s.c.o[K
[0.125s] [5/12] Linking C shared library rosidl_generator_py/follow_path/libfollow_path__rosidl_generator_py.so[K
[0.125s] [6/12] Linking C shared library rosidl_generator_py/follow_path/libfollow_path__rosidl_generator_py.so[K
[0.125s] [6/12] Linking C shared library rosidl_generator_py/follow_path/follow_path_s__rosidl_typesupport_fastrtps_c.cpython-311-x86_64-linux-gnu.so[K
[0.125s] [6/12] Linking C shared library rosidl_generator_py/follow_path/follow_path_s__rosidl_typesupport_introspection_c.cpython-311-x86_64-linux-gnu.so[K
[0.135s] [6/12] Linking C shared library rosidl_generator_py/follow_path/follow_path_s__rosidl_typesupport_c.cpython-311-x86_64-linux-gnu.so[K
[0.135s] [7/12] Linking C shared library rosidl_generator_py/follow_path/follow_path_s__rosidl_typesupport_introspection_c.cpython-311-x86_64-linux-gnu.so[K
[0.136s] [8/12] Linking C shared library rosidl_generator_py/follow_path/follow_path_s__rosidl_typesupport_fastrtps_c.cpython-311-x86_64-linux-gnu.so[K
[0.193s] [9/12] Linking C shared library rosidl_generator_py/follow_path/follow_path_s__rosidl_typesupport_c.cpython-311-x86_64-linux-gnu.so[K
[0.194s] [10/12] cd /home/alvaro/github.com/turtlesim-follow-path/build/follow_path/ament_cmake_python/follow_path && /home/alvaro/github.com/turtlesim-follow-path/.pixi/envs/default/bin/python setup.py egg_info[K
[0.194s] running egg_info
[0.194s] writing follow_path.egg-info/PKG-INFO
[0.194s] writing dependency_links to follow_path.egg-info/dependency_links.txt
[0.194s] writing top-level names to follow_path.egg-info/top_level.txt
[0.194s] reading manifest file 'follow_path.egg-info/SOURCES.txt'
[0.194s] writing manifest file 'follow_path.egg-info/SOURCES.txt'
[0.206s] 
[0.206s] [11/12] Building CXX object CMakeFiles/follow_path_node.dir/src/follow_path_node.cpp.o[K
[0.206s] [31mFAILED: [0mCMakeFiles/follow_path_node.dir/src/follow_path_node.cpp.o 
[0.206s] /home/alvaro/github.com/turtlesim-follow-path/.pixi/envs/default/bin/x86_64-conda-linux-gnu-c++ -DDEFAULT_RMW_IMPLEMENTATION=rmw_fastrtps_cpp -DROS_PACKAGE_NAME=\"follow_path\" -I/home/alvaro/github.com/turtlesim-follow-path/src/follow-path/include -isystem /home/alvaro/github.com/turtlesim-follow-path/.pixi/envs/default/include/rclcpp -isystem /home/alvaro/github.com/turtlesim-follow-path/.pixi/envs/default/include/std_msgs -isystem /home/alvaro/github.com/turtlesim-follow-path/.pixi/envs/default/include/geometry_msgs -isystem /home/alvaro/github.com/turtlesim-follow-path/.pixi/envs/default/include/ament_index_cpp -isystem /home/alvaro/github.com/turtlesim-follow-path/.pixi/envs/default/include/libstatistics_collector -isystem /home/alvaro/github.com/turtlesim-follow-path/.pixi/envs/default/include/builtin_interfaces -isystem /home/alvaro/github.com/turtlesim-follow-path/.pixi/envs/default/include/rosidl_runtime_c -isystem /home/alvaro/github.com/turtlesim-follow-path/.pixi/envs/default/include/rcutils -isystem /home/alvaro/github.com/turtlesim-follow-path/.pixi/envs/default/include/rosidl_typesupport_interface -isystem /home/alvaro/github.com/turtlesim-follow-path/.pixi/envs/default/include/rosidl_runtime_cpp -isystem /home/alvaro/github.com/turtlesim-follow-path/.pixi/envs/default/include/rosidl_typesupport_fastrtps_cpp -isystem /home/alvaro/github.com/turtlesim-follow-path/.pixi/envs/default/include/rmw -isystem /home/alvaro/github.com/turtlesim-follow-path/.pixi/envs/default/include/rosidl_typesupport_fastrtps_c -isystem /home/alvaro/github.com/turtlesim-follow-path/.pixi/envs/default/include/rosidl_typesupport_introspection_c -isystem /home/alvaro/github.com/turtlesim-follow-path/.pixi/envs/default/include/rosidl_typesupport_introspection_cpp -isystem /home/alvaro/github.com/turtlesim-follow-path/.pixi/envs/default/include/rcl -isystem /home/alvaro/github.com/turtlesim-follow-path/.pixi/envs/default/include/rcl_interfaces -isystem /home/alvaro/github.com/turtlesim-follow-path/.pixi/envs/default/include/rcl_logging_interface -isystem /home/alvaro/github.com/turtlesim-follow-path/.pixi/envs/default/include/rcl_yaml_param_parser -isystem /home/alvaro/github.com/turtlesim-follow-path/.pixi/envs/default/include/tracetools -isystem /home/alvaro/github.com/turtlesim-follow-path/.pixi/envs/default/include/rcpputils -isystem /home/alvaro/github.com/turtlesim-follow-path/.pixi/envs/default/include/statistics_msgs -isystem /home/alvaro/github.com/turtlesim-follow-path/.pixi/envs/default/include/rosgraph_msgs -isystem /home/alvaro/github.com/turtlesim-follow-path/.pixi/envs/default/include/rosidl_typesupport_cpp -isystem /home/alvaro/github.com/turtlesim-follow-path/.pixi/envs/default/include/rosidl_typesupport_c -fvisibility-inlines-hidden -fmessage-length=0 -march=nocona -mtune=haswell -ftree-vectorize -fPIC -fstack-protector-strong -fno-plt -O2 -ffunction-sections -pipe -isystem /home/alvaro/github.com/turtlesim-follow-path/.pixi/envs/default/include -std=gnu++20 -Wall -Wextra -Wpedantic -MD -MT CMakeFiles/follow_path_node.dir/src/follow_path_node.cpp.o -MF CMakeFiles/follow_path_node.dir/src/follow_path_node.cpp.o.d -o CMakeFiles/follow_path_node.dir/src/follow_path_node.cpp.o -c /home/alvaro/github.com/turtlesim-follow-path/src/follow-path/src/follow_path_node.cpp
[0.206s] In file included from /home/alvaro/github.com/turtlesim-follow-path/src/follow-path/src/follow_path_node.cpp:1:
[0.206s] /home/alvaro/github.com/turtlesim-follow-path/src/follow-path/include/follow_path_node.h:4:10: fatal error: follow_path/srv/go_to.hpp: No such file or directory
[0.206s]     4 | #include "follow_path/srv/go_to.hpp"
[0.206s]       |          ^~~~~~~~~~~~~~~~~~~~~~~~~~~
[0.206s] compilation terminated.
[0.207s] ninja: build stopped: subcommand failed.
[0.207s] Invoked command in '/home/alvaro/github.com/turtlesim-follow-path/build/follow_path' returned '1': DEBUGINFOD_URLS=https://debuginfod.ubuntu.com PIXI_PROMPT=(turtlesim-follow-path) /home/alvaro/github.com/turtlesim-follow-path/.pixi/envs/default/bin/cmake --build /home/alvaro/github.com/turtlesim-follow-path/build/follow_path -- -j20 -l20
