[0.007s] Invoking command in '/home/alvaro/github.com/turtlesim-follow-path/build/follow_path': DEBUGINFOD_URLS=https://debuginfod.ubuntu.com PIXI_PROMPT=(turtlesim-follow-path) /home/alvaro/github.com/turtlesim-follow-path/.pixi/envs/default/bin/cmake --build /home/alvaro/github.com/turtlesim-follow-path/build/follow_path -- -j20 -l20
[0.016s] 
[0.016s] [0/4] Building CXX object CMakeFiles/follow_path_node.dir/src/follow_path_node.cpp.o[K
[0.020s] [0/4] cd /home/alvaro/github.com/turtlesim-follow-path/build/follow_path && /home/alvaro/github.com/turtlesim-follow-path/.pixi/envs/default/bin/cmake -E create_symlink /home/alvaro/github.com/turtlesim-follow-path/build/follow_path/rosidl_generator_py/follow_path /home/alvaro/github.com/turtlesim-follow-path/build/follow_path/ament_cmake_python/follow_path/follow_path[K
[0.020s] [1/4] cd /home/alvaro/github.com/turtlesim-follow-path/build/follow_path && /home/alvaro/github.com/turtlesim-follow-path/.pixi/envs/default/bin/cmake -E create_symlink /home/alvaro/github.com/turtlesim-follow-path/build/follow_path/rosidl_generator_py/follow_path /home/alvaro/github.com/turtlesim-follow-path/build/follow_path/ament_cmake_python/follow_path/follow_path[K
[0.196s] [1/4] cd /home/alvaro/github.com/turtlesim-follow-path/build/follow_path/ament_cmake_python/follow_path && /home/alvaro/github.com/turtlesim-follow-path/.pixi/envs/default/bin/python setup.py egg_info[K
[0.196s] [2/4] cd /home/alvaro/github.com/turtlesim-follow-path/build/follow_path/ament_cmake_python/follow_path && /home/alvaro/github.com/turtlesim-follow-path/.pixi/envs/default/bin/python setup.py egg_info[K
[0.196s] running egg_info
[0.196s] writing follow_path.egg-info/PKG-INFO
[0.196s] writing dependency_links to follow_path.egg-info/dependency_links.txt
[0.196s] writing top-level names to follow_path.egg-info/top_level.txt
[0.196s] reading manifest file 'follow_path.egg-info/SOURCES.txt'
[0.196s] writing manifest file 'follow_path.egg-info/SOURCES.txt'
[5.111s] 
[5.111s] [3/4] Building CXX object CMakeFiles/follow_path_node.dir/src/follow_path_node.cpp.o[K
[5.111s] /home/alvaro/github.com/turtlesim-follow-path/src/follow-path/src/follow_path_node.cpp: In member function 'void FollowPathNode::GoToGoal(std::shared_ptr<follow_path::srv::GoTo_Request_<std::allocator<void> > >, std::shared_ptr<follow_path::srv::GoTo_Response_<std::allocator<void> > >)':
[5.111s] /home/alvaro/github.com/turtlesim-follow-path/src/follow-path/src/follow_path_node.cpp:17:80: warning: unused parameter 'request' [-Wunused-parameter]
[5.111s]    17 | void FollowPathNode::GoToGoal(std::shared_ptr<follow_path::srv::GoTo::Request> request, std::shared_ptr<follow_path::srv::GoTo::Response> response) {
[5.111s]       |                               ~~~~~~~~~~~~~~~~~~~~~~~~~~~~~~~~~~~~~~~~~~~~~~~~~^~~~~~~
[5.111s] /home/alvaro/github.com/turtlesim-follow-path/src/follow-path/src/follow_path_node.cpp:17:139: warning: unused parameter 'response' [-Wunused-parameter]
[5.111s]    17 | void FollowPathNode::GoToGoal(std::shared_ptr<follow_path::srv::GoTo::Request> request, std::shared_ptr<follow_path::srv::GoTo::Response> response) {
[5.111s]       |                                                                                         ~~~~~~~~~~~~~~~~~~~~~~~~~~~~~~~~~~~~~~~~~~~~~~~~~~^~~~~~~~
[5.111s] 
[5.177s] [3/4] Linking CXX executable follow_path_node[K
[5.177s] [4/4] Linking CXX executable follow_path_node[K
[5.178s] Invoked command in '/home/alvaro/github.com/turtlesim-follow-path/build/follow_path' returned '0': DEBUGINFOD_URLS=https://debuginfod.ubuntu.com PIXI_PROMPT=(turtlesim-follow-path) /home/alvaro/github.com/turtlesim-follow-path/.pixi/envs/default/bin/cmake --build /home/alvaro/github.com/turtlesim-follow-path/build/follow_path -- -j20 -l20
[5.195s] Invoking command in '/home/alvaro/github.com/turtlesim-follow-path/build/follow_path': DEBUGINFOD_URLS=https://debuginfod.ubuntu.com PIXI_PROMPT=(turtlesim-follow-path) /home/alvaro/github.com/turtlesim-follow-path/.pixi/envs/default/bin/cmake --install /home/alvaro/github.com/turtlesim-follow-path/build/follow_path
[5.198s] -- Install configuration: ""
[5.198s] -- Execute custom install script
[5.198s] -- Up-to-date symlink: /home/alvaro/github.com/turtlesim-follow-path/install/follow_path/share/ament_index/resource_index/rosidl_interfaces/follow_path
[5.199s] -- Up-to-date symlink: /home/alvaro/github.com/turtlesim-follow-path/install/follow_path/include/follow_path/follow_path/msg/rosidl_generator_c__visibility_control.h
[5.199s] -- Up-to-date symlink: /home/alvaro/github.com/turtlesim-follow-path/install/follow_path/include/follow_path/follow_path/srv/detail/go_to__functions.h
[5.199s] -- Up-to-date symlink: /home/alvaro/github.com/turtlesim-follow-path/install/follow_path/include/follow_path/follow_path/srv/detail/go_to__struct.h
[5.199s] -- Up-to-date symlink: /home/alvaro/github.com/turtlesim-follow-path/install/follow_path/include/follow_path/follow_path/srv/detail/go_to__type_support.h
[5.199s] -- Up-to-date symlink: /home/alvaro/github.com/turtlesim-follow-path/install/follow_path/include/follow_path/follow_path/srv/go_to.h
[5.199s] -- Up-to-date symlink: /home/alvaro/github.com/turtlesim-follow-path/install/follow_path/include/follow_path/follow_path/msg/rosidl_typesupport_fastrtps_c__visibility_control.h
[5.199s] -- Up-to-date symlink: /home/alvaro/github.com/turtlesim-follow-path/install/follow_path/include/follow_path/follow_path/srv/detail/go_to__rosidl_typesupport_fastrtps_c.h
[5.200s] -- Up-to-date symlink: /home/alvaro/github.com/turtlesim-follow-path/install/follow_path/include/follow_path/follow_path/srv/detail/go_to__builder.hpp
[5.200s] -- Up-to-date symlink: /home/alvaro/github.com/turtlesim-follow-path/install/follow_path/include/follow_path/follow_path/srv/detail/go_to__struct.hpp
[5.200s] -- Up-to-date symlink: /home/alvaro/github.com/turtlesim-follow-path/install/follow_path/include/follow_path/follow_path/srv/detail/go_to__traits.hpp
[5.200s] -- Up-to-date symlink: /home/alvaro/github.com/turtlesim-follow-path/install/follow_path/include/follow_path/follow_path/srv/go_to.hpp
[5.200s] -- Up-to-date symlink: /home/alvaro/github.com/turtlesim-follow-path/install/follow_path/include/follow_path/follow_path/msg/rosidl_typesupport_fastrtps_cpp__visibility_control.h
[5.200s] -- Up-to-date symlink: /home/alvaro/github.com/turtlesim-follow-path/install/follow_path/include/follow_path/follow_path/srv/detail/go_to__rosidl_typesupport_fastrtps_cpp.hpp
[5.201s] -- Up-to-date symlink: /home/alvaro/github.com/turtlesim-follow-path/install/follow_path/include/follow_path/follow_path/msg/rosidl_typesupport_introspection_c__visibility_control.h
[5.201s] -- Up-to-date symlink: /home/alvaro/github.com/turtlesim-follow-path/install/follow_path/include/follow_path/follow_path/srv/detail/go_to__rosidl_typesupport_introspection_c.h
[5.201s] -- Up-to-date symlink: /home/alvaro/github.com/turtlesim-follow-path/install/follow_path/include/follow_path/follow_path/srv/detail/go_to__rosidl_typesupport_introspection_cpp.hpp
[5.201s] -- Up-to-date symlink: /home/alvaro/github.com/turtlesim-follow-path/install/follow_path/share/follow_path/environment/pythonpath.sh
[5.201s] -- Up-to-date symlink: /home/alvaro/github.com/turtlesim-follow-path/install/follow_path/share/follow_path/environment/pythonpath.dsv
[5.201s] -- Up-to-date symlink: /home/alvaro/github.com/turtlesim-follow-path/install/follow_path/lib/python3.11/site-packages/follow_path-0.1.0-py3.11.egg-info/PKG-INFO
[5.201s] -- Up-to-date symlink: /home/alvaro/github.com/turtlesim-follow-path/install/follow_path/lib/python3.11/site-packages/follow_path-0.1.0-py3.11.egg-info/SOURCES.txt
[5.202s] -- Up-to-date symlink: /home/alvaro/github.com/turtlesim-follow-path/install/follow_path/lib/python3.11/site-packages/follow_path-0.1.0-py3.11.egg-info/dependency_links.txt
[5.202s] -- Up-to-date symlink: /home/alvaro/github.com/turtlesim-follow-path/install/follow_path/lib/python3.11/site-packages/follow_path-0.1.0-py3.11.egg-info/top_level.txt
[5.202s] -- Up-to-date symlink: /home/alvaro/github.com/turtlesim-follow-path/install/follow_path/lib/python3.11/site-packages/follow_path/__init__.py
[5.202s] -- Up-to-date symlink: /home/alvaro/github.com/turtlesim-follow-path/install/follow_path/lib/python3.11/site-packages/follow_path/_follow_path_s.ep.rosidl_typesupport_c.c
[5.202s] -- Up-to-date symlink: /home/alvaro/github.com/turtlesim-follow-path/install/follow_path/lib/python3.11/site-packages/follow_path/_follow_path_s.ep.rosidl_typesupport_fastrtps_c.c
[5.202s] -- Up-to-date symlink: /home/alvaro/github.com/turtlesim-follow-path/install/follow_path/lib/python3.11/site-packages/follow_path/_follow_path_s.ep.rosidl_typesupport_introspection_c.c
[5.202s] -- Up-to-date symlink: /home/alvaro/github.com/turtlesim-follow-path/install/follow_path/lib/python3.11/site-packages/follow_path/follow_path_s__rosidl_typesupport_c.cpython-311-x86_64-linux-gnu.so
[5.202s] -- Up-to-date symlink: /home/alvaro/github.com/turtlesim-follow-path/install/follow_path/lib/python3.11/site-packages/follow_path/follow_path_s__rosidl_typesupport_fastrtps_c.cpython-311-x86_64-linux-gnu.so
[5.203s] -- Up-to-date symlink: /home/alvaro/github.com/turtlesim-follow-path/install/follow_path/lib/python3.11/site-packages/follow_path/follow_path_s__rosidl_typesupport_introspection_c.cpython-311-x86_64-linux-gnu.so
[5.203s] -- Up-to-date symlink: /home/alvaro/github.com/turtlesim-follow-path/install/follow_path/lib/python3.11/site-packages/follow_path/libfollow_path__rosidl_generator_py.so
[5.203s] -- Up-to-date symlink: /home/alvaro/github.com/turtlesim-follow-path/install/follow_path/lib/python3.11/site-packages/follow_path/srv/__init__.py
[5.203s] -- Up-to-date symlink: /home/alvaro/github.com/turtlesim-follow-path/install/follow_path/lib/python3.11/site-packages/follow_path/srv/_go_to.py
[5.203s] -- Up-to-date symlink: /home/alvaro/github.com/turtlesim-follow-path/install/follow_path/lib/python3.11/site-packages/follow_path/srv/_go_to_s.c
[5.203s] -- Up-to-date symlink: /home/alvaro/github.com/turtlesim-follow-path/install/follow_path/lib/python3.11/site-packages/follow_path/follow_path_s__rosidl_typesupport_fastrtps_c.cpython-311-x86_64-linux-gnu.so
[5.203s] -- Up-to-date symlink: /home/alvaro/github.com/turtlesim-follow-path/install/follow_path/lib/python3.11/site-packages/follow_path/follow_path_s__rosidl_typesupport_introspection_c.cpython-311-x86_64-linux-gnu.so
[5.203s] -- Up-to-date symlink: /home/alvaro/github.com/turtlesim-follow-path/install/follow_path/lib/python3.11/site-packages/follow_path/follow_path_s__rosidl_typesupport_c.cpython-311-x86_64-linux-gnu.so
[5.204s] -- Up-to-date symlink: /home/alvaro/github.com/turtlesim-follow-path/install/follow_path/share/follow_path/srv/GoTo.idl
[5.204s] -- Up-to-date symlink: /home/alvaro/github.com/turtlesim-follow-path/install/follow_path/share/follow_path/srv/GoTo.srv
[5.204s] -- Up-to-date symlink: /home/alvaro/github.com/turtlesim-follow-path/install/follow_path/share/follow_path/srv/GoTo_Request.msg
[5.204s] -- Up-to-date symlink: /home/alvaro/github.com/turtlesim-follow-path/install/follow_path/share/follow_path/srv/GoTo_Response.msg
[5.204s] -- Up-to-date symlink: /home/alvaro/github.com/turtlesim-follow-path/install/follow_path/lib/follow_path/follow_path_node
[5.204s] -- Up-to-date symlink: /home/alvaro/github.com/turtlesim-follow-path/install/follow_path/share/ament_index/resource_index/package_run_dependencies/follow_path
[5.204s] -- Up-to-date symlink: /home/alvaro/github.com/turtlesim-follow-path/install/follow_path/share/ament_index/resource_index/parent_prefix_path/follow_path
[5.205s] -- Up-to-date symlink: /home/alvaro/github.com/turtlesim-follow-path/install/follow_path/share/follow_path/environment/ament_prefix_path.sh
[5.205s] -- Up-to-date symlink: /home/alvaro/github.com/turtlesim-follow-path/install/follow_path/share/follow_path/environment/ament_prefix_path.dsv
[5.205s] -- Up-to-date symlink: /home/alvaro/github.com/turtlesim-follow-path/install/follow_path/share/follow_path/environment/path.sh
[5.205s] -- Up-to-date symlink: /home/alvaro/github.com/turtlesim-follow-path/install/follow_path/share/follow_path/environment/path.dsv
[5.205s] -- Up-to-date symlink: /home/alvaro/github.com/turtlesim-follow-path/install/follow_path/share/follow_path/local_setup.bash
[5.205s] -- Up-to-date symlink: /home/alvaro/github.com/turtlesim-follow-path/install/follow_path/share/follow_path/local_setup.sh
[5.205s] -- Up-to-date symlink: /home/alvaro/github.com/turtlesim-follow-path/install/follow_path/share/follow_path/local_setup.zsh
[5.205s] -- Up-to-date symlink: /home/alvaro/github.com/turtlesim-follow-path/install/follow_path/share/follow_path/local_setup.dsv
[5.206s] -- Symlinking: /home/alvaro/github.com/turtlesim-follow-path/install/follow_path/share/follow_path/package.dsv
[5.209s] -- Up-to-date symlink: /home/alvaro/github.com/turtlesim-follow-path/install/follow_path/share/ament_index/resource_index/packages/follow_path
[5.209s] -- Up-to-date symlink: /home/alvaro/github.com/turtlesim-follow-path/install/follow_path/share/follow_path/cmake/rosidl_cmake-extras.cmake
[5.210s] -- Up-to-date symlink: /home/alvaro/github.com/turtlesim-follow-path/install/follow_path/share/follow_path/cmake/ament_cmake_export_dependencies-extras.cmake
[5.210s] -- Up-to-date symlink: /home/alvaro/github.com/turtlesim-follow-path/install/follow_path/share/follow_path/cmake/ament_cmake_export_include_directories-extras.cmake
[5.210s] -- Up-to-date symlink: /home/alvaro/github.com/turtlesim-follow-path/install/follow_path/share/follow_path/cmake/ament_cmake_export_libraries-extras.cmake
[5.210s] -- Up-to-date symlink: /home/alvaro/github.com/turtlesim-follow-path/install/follow_path/share/follow_path/cmake/ament_cmake_export_targets-extras.cmake
[5.210s] -- Up-to-date symlink: /home/alvaro/github.com/turtlesim-follow-path/install/follow_path/share/follow_path/cmake/rosidl_cmake_export_typesupport_targets-extras.cmake
[5.210s] -- Up-to-date symlink: /home/alvaro/github.com/turtlesim-follow-path/install/follow_path/share/follow_path/cmake/rosidl_cmake_export_typesupport_libraries-extras.cmake
[5.210s] -- Up-to-date symlink: /home/alvaro/github.com/turtlesim-follow-path/install/follow_path/share/follow_path/cmake/follow_pathConfig.cmake
[5.210s] -- Up-to-date symlink: /home/alvaro/github.com/turtlesim-follow-path/install/follow_path/share/follow_path/cmake/follow_pathConfig-version.cmake
[5.210s] -- Up-to-date symlink: /home/alvaro/github.com/turtlesim-follow-path/install/follow_path/share/follow_path/package.xml
[5.211s] -- Installing: /home/alvaro/github.com/turtlesim-follow-path/install/follow_path/lib/libfollow_path__rosidl_generator_c.so
[5.211s] -- Installing: /home/alvaro/github.com/turtlesim-follow-path/install/follow_path/lib/libfollow_path__rosidl_typesupport_fastrtps_c.so
[5.211s] -- Set non-toolchain portion of runtime path of "/home/alvaro/github.com/turtlesim-follow-path/install/follow_path/lib/libfollow_path__rosidl_typesupport_fastrtps_c.so" to ""
[5.211s] -- Installing: /home/alvaro/github.com/turtlesim-follow-path/install/follow_path/lib/libfollow_path__rosidl_typesupport_fastrtps_cpp.so
[5.211s] -- Installing: /home/alvaro/github.com/turtlesim-follow-path/install/follow_path/lib/libfollow_path__rosidl_typesupport_introspection_c.so
[5.211s] -- Set non-toolchain portion of runtime path of "/home/alvaro/github.com/turtlesim-follow-path/install/follow_path/lib/libfollow_path__rosidl_typesupport_introspection_c.so" to ""
[5.211s] -- Installing: /home/alvaro/github.com/turtlesim-follow-path/install/follow_path/lib/libfollow_path__rosidl_typesupport_c.so
[5.212s] -- Set non-toolchain portion of runtime path of "/home/alvaro/github.com/turtlesim-follow-path/install/follow_path/lib/libfollow_path__rosidl_typesupport_c.so" to ""
[5.212s] -- Installing: /home/alvaro/github.com/turtlesim-follow-path/install/follow_path/lib/libfollow_path__rosidl_typesupport_introspection_cpp.so
[5.212s] -- Installing: /home/alvaro/github.com/turtlesim-follow-path/install/follow_path/lib/libfollow_path__rosidl_typesupport_cpp.so
[5.234s] Listing 'lib/python3.11/site-packages/follow_path'...
[5.234s] Can't list 'lib/python3.11/site-packages/follow_path'
[5.237s] -- Installing: /home/alvaro/github.com/turtlesim-follow-path/install/follow_path/lib/libfollow_path__rosidl_generator_py.so
[5.237s] -- Set non-toolchain portion of runtime path of "/home/alvaro/github.com/turtlesim-follow-path/install/follow_path/lib/libfollow_path__rosidl_generator_py.so" to ""
[5.237s] -- Up-to-date: /home/alvaro/github.com/turtlesim-follow-path/install/follow_path/share/follow_path/cmake/export_follow_path__rosidl_generator_cExport.cmake
[5.237s] -- Up-to-date: /home/alvaro/github.com/turtlesim-follow-path/install/follow_path/share/follow_path/cmake/export_follow_path__rosidl_generator_cExport-noconfig.cmake
[5.237s] -- Up-to-date: /home/alvaro/github.com/turtlesim-follow-path/install/follow_path/share/follow_path/cmake/export_follow_path__rosidl_typesupport_fastrtps_cExport.cmake
[5.237s] -- Up-to-date: /home/alvaro/github.com/turtlesim-follow-path/install/follow_path/share/follow_path/cmake/export_follow_path__rosidl_typesupport_fastrtps_cExport-noconfig.cmake
[5.237s] -- Up-to-date: /home/alvaro/github.com/turtlesim-follow-path/install/follow_path/share/follow_path/cmake/export_follow_path__rosidl_generator_cppExport.cmake
[5.237s] -- Up-to-date: /home/alvaro/github.com/turtlesim-follow-path/install/follow_path/share/follow_path/cmake/export_follow_path__rosidl_typesupport_fastrtps_cppExport.cmake
[5.237s] -- Up-to-date: /home/alvaro/github.com/turtlesim-follow-path/install/follow_path/share/follow_path/cmake/export_follow_path__rosidl_typesupport_fastrtps_cppExport-noconfig.cmake
[5.237s] -- Up-to-date: /home/alvaro/github.com/turtlesim-follow-path/install/follow_path/share/follow_path/cmake/follow_path__rosidl_typesupport_introspection_cExport.cmake
[5.237s] -- Up-to-date: /home/alvaro/github.com/turtlesim-follow-path/install/follow_path/share/follow_path/cmake/follow_path__rosidl_typesupport_introspection_cExport-noconfig.cmake
[5.237s] -- Up-to-date: /home/alvaro/github.com/turtlesim-follow-path/install/follow_path/share/follow_path/cmake/follow_path__rosidl_typesupport_cExport.cmake
[5.237s] -- Up-to-date: /home/alvaro/github.com/turtlesim-follow-path/install/follow_path/share/follow_path/cmake/follow_path__rosidl_typesupport_cExport-noconfig.cmake
[5.238s] -- Up-to-date: /home/alvaro/github.com/turtlesim-follow-path/install/follow_path/share/follow_path/cmake/follow_path__rosidl_typesupport_introspection_cppExport.cmake
[5.238s] -- Up-to-date: /home/alvaro/github.com/turtlesim-follow-path/install/follow_path/share/follow_path/cmake/follow_path__rosidl_typesupport_introspection_cppExport-noconfig.cmake
[5.238s] -- Up-to-date: /home/alvaro/github.com/turtlesim-follow-path/install/follow_path/share/follow_path/cmake/follow_path__rosidl_typesupport_cppExport.cmake
[5.238s] -- Up-to-date: /home/alvaro/github.com/turtlesim-follow-path/install/follow_path/share/follow_path/cmake/follow_path__rosidl_typesupport_cppExport-noconfig.cmake
[5.238s] -- Up-to-date: /home/alvaro/github.com/turtlesim-follow-path/install/follow_path/share/follow_path/cmake/export_follow_path__rosidl_generator_pyExport.cmake
[5.238s] -- Up-to-date: /home/alvaro/github.com/turtlesim-follow-path/install/follow_path/share/follow_path/cmake/export_follow_path__rosidl_generator_pyExport-noconfig.cmake
[5.239s] Invoked command in '/home/alvaro/github.com/turtlesim-follow-path/build/follow_path' returned '0': DEBUGINFOD_URLS=https://debuginfod.ubuntu.com PIXI_PROMPT=(turtlesim-follow-path) /home/alvaro/github.com/turtlesim-follow-path/.pixi/envs/default/bin/cmake --install /home/alvaro/github.com/turtlesim-follow-path/build/follow_path
