
[0/2] Building CXX object CMakeFiles/follow_path_node.dir/src/follow_path_node.cpp.o[K
[1/2] Building CXX object CMakeFiles/follow_path_node.dir/src/follow_path_node.cpp.o[K
[31mFAILED: [0mCMakeFiles/follow_path_node.dir/src/follow_path_node.cpp.o 
/home/alvaro/github.com/turtlesim-follow-path/.pixi/envs/default/bin/x86_64-conda-linux-gnu-c++ -DDEFAULT_RMW_IMPLEMENTATION=rmw_fastrtps_cpp -I/home/alvaro/github.com/turtlesim-follow-path/src/follow-path/include -isystem /home/alvaro/github.com/turtlesim-follow-path/.pixi/envs/default/include/rclcpp -isystem /home/alvaro/github.com/turtlesim-follow-path/.pixi/envs/default/include/std_msgs -isystem /home/alvaro/github.com/turtlesim-follow-path/.pixi/envs/default/include/geometry_msgs -isystem /home/alvaro/github.com/turtlesim-follow-path/.pixi/envs/default/include/ament_index_cpp -isystem /home/alvaro/github.com/turtlesim-follow-path/.pixi/envs/default/include/libstatistics_collector -isystem /home/alvaro/github.com/turtlesim-follow-path/.pixi/envs/default/include/builtin_interfaces -isystem /home/alvaro/github.com/turtlesim-follow-path/.pixi/envs/default/include/rosidl_runtime_c -isystem /home/alvaro/github.com/turtlesim-follow-path/.pixi/envs/default/include/rcutils -isystem /home/alvaro/github.com/turtlesim-follow-path/.pixi/envs/default/include/rosidl_typesupport_interface -isystem /home/alvaro/github.com/turtlesim-follow-path/.pixi/envs/default/include/rosidl_runtime_cpp -isystem /home/alvaro/github.com/turtlesim-follow-path/.pixi/envs/default/include/rosidl_typesupport_fastrtps_cpp -isystem /home/alvaro/github.com/turtlesim-follow-path/.pixi/envs/default/include/rmw -isystem /home/alvaro/github.com/turtlesim-follow-path/.pixi/envs/default/include/rosidl_typesupport_fastrtps_c -isystem /home/alvaro/github.com/turtlesim-follow-path/.pixi/envs/default/include/rosidl_typesupport_introspection_c -isystem /home/alvaro/github.com/turtlesim-follow-path/.pixi/envs/default/include/rosidl_typesupport_introspection_cpp -isystem /home/alvaro/github.com/turtlesim-follow-path/.pixi/envs/default/include/rcl -isystem /home/alvaro/github.com/turtlesim-follow-path/.pixi/envs/default/include/rcl_interfaces -isystem /home/alvaro/github.com/turtlesim-follow-path/.pixi/envs/default/include/rcl_logging_interface -isystem /home/alvaro/github.com/turtlesim-follow-path/.pixi/envs/default/include/rcl_yaml_param_parser -isystem /home/alvaro/github.com/turtlesim-follow-path/.pixi/envs/default/include/tracetools -isystem /home/alvaro/github.com/turtlesim-follow-path/.pixi/envs/default/include/rcpputils -isystem /home/alvaro/github.com/turtlesim-follow-path/.pixi/envs/default/include/statistics_msgs -isystem /home/alvaro/github.com/turtlesim-follow-path/.pixi/envs/default/include/rosgraph_msgs -isystem /home/alvaro/github.com/turtlesim-follow-path/.pixi/envs/default/include/rosidl_typesupport_cpp -isystem /home/alvaro/github.com/turtlesim-follow-path/.pixi/envs/default/include/rosidl_typesupport_c -fvisibility-inlines-hidden -fmessage-length=0 -march=nocona -mtune=haswell -ftree-vectorize -fPIC -fstack-protector-strong -fno-plt -O2 -ffunction-sections -pipe -isystem /home/alvaro/github.com/turtlesim-follow-path/.pixi/envs/default/include -std=gnu++20 -Wall -Wextra -Wpedantic -MD -MT CMakeFiles/follow_path_node.dir/src/follow_path_node.cpp.o -MF CMakeFiles/follow_path_node.dir/src/follow_path_node.cpp.o.d -o CMakeFiles/follow_path_node.dir/src/follow_path_node.cpp.o -c /home/alvaro/github.com/turtlesim-follow-path/src/follow-path/src/follow_path_node.cpp
/home/alvaro/github.com/turtlesim-follow-path/src/follow-path/src/follow_path_node.cpp: In member function 'void FollowPathNode::timer_callback()':
/home/alvaro/github.com/turtlesim-follow-path/src/follow-path/src/follow_path_node.cpp:17:24: error: no matching function for call to 'rclcpp::Publisher<std_msgs::msg::String_<std::allocator<void> > >::publish(geometry_msgs::msg::Twist&)'
   17 |     publisher_->publish(message);
      |     ~~~~~~~~~~~~~~~~~~~^~~~~~~~~
In file included from /home/alvaro/github.com/turtlesim-follow-path/.pixi/envs/default/include/rclcpp/rclcpp/topic_statistics/subscription_topic_statistics.hpp:31,
                 from /home/alvaro/github.com/turtlesim-follow-path/.pixi/envs/default/include/rclcpp/rclcpp/subscription.hpp:50,
                 from /home/alvaro/github.com/turtlesim-follow-path/.pixi/envs/default/include/rclcpp/rclcpp/any_executable.hpp:25,
                 from /home/alvaro/github.com/turtlesim-follow-path/.pixi/envs/default/include/rclcpp/rclcpp/memory_strategy.hpp:25,
                 from /home/alvaro/github.com/turtlesim-follow-path/.pixi/envs/default/include/rclcpp/rclcpp/memory_strategies.hpp:18,
                 from /home/alvaro/github.com/turtlesim-follow-path/.pixi/envs/default/include/rclcpp/rclcpp/executor_options.hpp:20,
                 from /home/alvaro/github.com/turtlesim-follow-path/.pixi/envs/default/include/rclcpp/rclcpp/executor.hpp:37,
                 from /home/alvaro/github.com/turtlesim-follow-path/.pixi/envs/default/include/rclcpp/rclcpp/executors/multi_threaded_executor.hpp:25,
                 from /home/alvaro/github.com/turtlesim-follow-path/.pixi/envs/default/include/rclcpp/rclcpp/executors.hpp:21,
                 from /home/alvaro/github.com/turtlesim-follow-path/.pixi/envs/default/include/rclcpp/rclcpp/rclcpp.hpp:155,
                 from /home/alvaro/github.com/turtlesim-follow-path/src/follow-path/include/follow_path_node.h:3,
                 from /home/alvaro/github.com/turtlesim-follow-path/src/follow-path/src/follow_path_node.cpp:1:
/home/alvaro/github.com/turtlesim-follow-path/.pixi/envs/default/include/rclcpp/rclcpp/publisher.hpp:251:3: note: candidate: 'template<class T> std::enable_if_t<(rosidl_generator_traits::is_message<T>::value && std::is_same<T, typename rclcpp::TypeAdapter<MessageT>::ros_message_type>::value)> rclcpp::Publisher<MessageT, AllocatorT>::publish(std::unique_ptr<T, typename std::conditional<std::is_same<typename std::allocator_traits<typename std::allocator_traits<_Allocator>::rebind_traits<typename rclcpp::TypeAdapter<MessageT, void, void>::ros_message_type>::allocator_type>::rebind_alloc<typename rclcpp::TypeAdapter<MessageT, void, void>::ros_message_type>, std::allocator<typename rclcpp::TypeAdapter<MessageT>::ros_message_type> >::value, std::default_delete<typename rclcpp::TypeAdapter<MessageT>::ros_message_type>, rclcpp::allocator::AllocatorDeleter<typename std::allocator_traits<_Allocator>::rebind_traits<typename rclcpp::TypeAdapter<MessageT, void, void>::ros_message_type>::allocator_type> >::type>) [with MessageT = std_msgs::msg::String_<std::allocator<void> >; AllocatorT = std::allocator<void>]'
  251 |   publish(std::unique_ptr<T, ROSMessageTypeDeleter> msg)
      |   ^~~~~~~
/home/alvaro/github.com/turtlesim-follow-path/.pixi/envs/default/include/rclcpp/rclcpp/publisher.hpp:251:3: note:   template argument deduction/substitution failed:
/home/alvaro/github.com/turtlesim-follow-path/src/follow-path/src/follow_path_node.cpp:17:24: note:   'geometry_msgs::msg::Twist_<std::allocator<void> >' is not derived from 'std::unique_ptr<T, std::default_delete<std_msgs::msg::String_<std::allocator<void> > > >'
   17 |     publisher_->publish(message);
      |     ~~~~~~~~~~~~~~~~~~~^~~~~~~~~
/home/alvaro/github.com/turtlesim-follow-path/.pixi/envs/default/include/rclcpp/rclcpp/publisher.hpp:292:3: note: candidate: 'template<class T> std::enable_if_t<(rosidl_generator_traits::is_message<T>::value && std::is_same<T, typename rclcpp::TypeAdapter<MessageT>::ros_message_type>::value)> rclcpp::Publisher<MessageT, AllocatorT>::publish(const T&) [with MessageT = std_msgs::msg::String_<std::allocator<void> >; AllocatorT = std::allocator<void>]'
  292 |   publish(const T & msg)
      |   ^~~~~~~
/home/alvaro/github.com/turtlesim-follow-path/.pixi/envs/default/include/rclcpp/rclcpp/publisher.hpp:292:3: note:   template argument deduction/substitution failed:
In file included from /home/alvaro/github.com/turtlesim-follow-path/.pixi/envs/default/x86_64-conda-linux-gnu/include/c++/12.3.0/bits/move.h:57,
                 from /home/alvaro/github.com/turtlesim-follow-path/.pixi/envs/default/x86_64-conda-linux-gnu/include/c++/12.3.0/bits/new_allocator.h:36,
                 from /home/alvaro/github.com/turtlesim-follow-path/.pixi/envs/default/x86_64-conda-linux-gnu/include/c++/12.3.0/x86_64-conda-linux-gnu/bits/c++allocator.h:33,
                 from /home/alvaro/github.com/turtlesim-follow-path/.pixi/envs/default/x86_64-conda-linux-gnu/include/c++/12.3.0/bits/allocator.h:46,
                 from /home/alvaro/github.com/turtlesim-follow-path/.pixi/envs/default/x86_64-conda-linux-gnu/include/c++/12.3.0/memory:63,
                 from /home/alvaro/github.com/turtlesim-follow-path/.pixi/envs/default/include/rclcpp/rclcpp/rclcpp.hpp:153:
/home/alvaro/github.com/turtlesim-follow-path/.pixi/envs/default/x86_64-conda-linux-gnu/include/c++/12.3.0/type_traits: In substitution of 'template<bool _Cond, class _Tp> using enable_if_t = typename std::enable_if::type [with bool _Cond = false; _Tp = void]':
/home/alvaro/github.com/turtlesim-follow-path/.pixi/envs/default/include/rclcpp/rclcpp/publisher.hpp:292:3:   required by substitution of 'template<class T> std::enable_if_t<(rosidl_generator_traits::is_message<T>::value && std::is_same<T, std_msgs::msg::String_<std::allocator<void> > >::value), void> rclcpp::Publisher<std_msgs::msg::String_<std::allocator<void> > >::publish(const T&) [with T = geometry_msgs::msg::Twist_<std::allocator<void> >]'
/home/alvaro/github.com/turtlesim-follow-path/src/follow-path/src/follow_path_node.cpp:17:24:   required from here
/home/alvaro/github.com/turtlesim-follow-path/.pixi/envs/default/x86_64-conda-linux-gnu/include/c++/12.3.0/type_traits:2608:11: error: no type named 'type' in 'struct std::enable_if<false, void>'
 2608 |     using enable_if_t = typename enable_if<_Cond, _Tp>::type;
      |           ^~~~~~~~~~~
/home/alvaro/github.com/turtlesim-follow-path/.pixi/envs/default/include/rclcpp/rclcpp/publisher.hpp:322:3: note: candidate: 'template<class T> std::enable_if_t<(typename rclcpp::TypeAdapter<MessageT>::is_specialized::value && std::is_same<T, typename rclcpp::TypeAdapter<MessageT>::custom_type>::value)> rclcpp::Publisher<MessageT, AllocatorT>::publish(std::unique_ptr<T, typename std::conditional<std::is_same<typename std::allocator_traits<typename std::allocator_traits<_Allocator>::rebind_traits<typename rclcpp::TypeAdapter<MessageT, void, void>::custom_type>::allocator_type>::rebind_alloc<typename rclcpp::TypeAdapter<MessageT, void, void>::custom_type>, std::allocator<typename rclcpp::TypeAdapter<MessageT>::custom_type> >::value, std::default_delete<typename rclcpp::TypeAdapter<MessageT>::custom_type>, rclcpp::allocator::AllocatorDeleter<typename std::allocator_traits<_Allocator>::rebind_traits<typename rclcpp::TypeAdapter<MessageT, void, void>::custom_type>::allocator_type> >::type>) [with MessageT = std_msgs::msg::String_<std::allocator<void> >; AllocatorT = std::allocator<void>]'
  322 |   publish(std::unique_ptr<T, PublishedTypeDeleter> msg)
      |   ^~~~~~~
/home/alvaro/github.com/turtlesim-follow-path/.pixi/envs/default/include/rclcpp/rclcpp/publisher.hpp:322:3: note:   template argument deduction/substitution failed:
/home/alvaro/github.com/turtlesim-follow-path/src/follow-path/src/follow_path_node.cpp:17:24: note:   'geometry_msgs::msg::Twist_<std::allocator<void> >' is not derived from 'std::unique_ptr<T, std::default_delete<std_msgs::msg::String_<std::allocator<void> > > >'
   17 |     publisher_->publish(message);
      |     ~~~~~~~~~~~~~~~~~~~^~~~~~~~~
/home/alvaro/github.com/turtlesim-follow-path/.pixi/envs/default/include/rclcpp/rclcpp/publisher.hpp:364:3: note: candidate: 'template<class T> std::enable_if_t<(typename rclcpp::TypeAdapter<MessageT>::is_specialized::value && std::is_same<T, typename rclcpp::TypeAdapter<MessageT>::custom_type>::value)> rclcpp::Publisher<MessageT, AllocatorT>::publish(const T&) [with MessageT = std_msgs::msg::String_<std::allocator<void> >; AllocatorT = std::allocator<void>]'
  364 |   publish(const T & msg)
      |   ^~~~~~~
/home/alvaro/github.com/turtlesim-follow-path/.pixi/envs/default/include/rclcpp/rclcpp/publisher.hpp:364:3: note:   template argument deduction/substitution failed:
/home/alvaro/github.com/turtlesim-follow-path/.pixi/envs/default/include/rclcpp/rclcpp/publisher.hpp:383:3: note: candidate: 'void rclcpp::Publisher<MessageT, AllocatorT>::publish(const rcl_serialized_message_t&) [with MessageT = std_msgs::msg::String_<std::allocator<void> >; AllocatorT = std::allocator<void>; rcl_serialized_message_t = rcutils_uint8_array_s]'
  383 |   publish(const rcl_serialized_message_t & serialized_msg)
      |   ^~~~~~~
/home/alvaro/github.com/turtlesim-follow-path/.pixi/envs/default/include/rclcpp/rclcpp/publisher.hpp:383:44: note:   no known conversion for argument 1 from 'geometry_msgs::msg::Twist' {aka 'geometry_msgs::msg::Twist_<std::allocator<void> >'} to 'const rcl_serialized_message_t&' {aka 'const rcutils_uint8_array_s&'}
  383 |   publish(const rcl_serialized_message_t & serialized_msg)
      |           ~~~~~~~~~~~~~~~~~~~~~~~~~~~~~~~~~^~~~~~~~~~~~~~
/home/alvaro/github.com/turtlesim-follow-path/.pixi/envs/default/include/rclcpp/rclcpp/publisher.hpp:389:3: note: candidate: 'void rclcpp::Publisher<MessageT, AllocatorT>::publish(const rclcpp::SerializedMessage&) [with MessageT = std_msgs::msg::String_<std::allocator<void> >; AllocatorT = std::allocator<void>]'
  389 |   publish(const SerializedMessage & serialized_msg)
      |   ^~~~~~~
/home/alvaro/github.com/turtlesim-follow-path/.pixi/envs/default/include/rclcpp/rclcpp/publisher.hpp:389:37: note:   no known conversion for argument 1 from 'geometry_msgs::msg::Twist' {aka 'geometry_msgs::msg::Twist_<std::allocator<void> >'} to 'const rclcpp::SerializedMessage&'
  389 |   publish(const SerializedMessage & serialized_msg)
      |           ~~~~~~~~~~~~~~~~~~~~~~~~~~^~~~~~~~~~~~~~
/home/alvaro/github.com/turtlesim-follow-path/.pixi/envs/default/include/rclcpp/rclcpp/publisher.hpp:403:3: note: candidate: 'void rclcpp::Publisher<MessageT, AllocatorT>::publish(rclcpp::LoanedMessage<typename rclcpp::TypeAdapter<MessageT>::ros_message_type, AllocatorT>&&) [with MessageT = std_msgs::msg::String_<std::allocator<void> >; AllocatorT = std::allocator<void>; typename rclcpp::TypeAdapter<MessageT>::ros_message_type = std_msgs::msg::String_<std::allocator<void> >]'
  403 |   publish(rclcpp::LoanedMessage<ROSMessageType, AllocatorT> && loaned_msg)
      |   ^~~~~~~
/home/alvaro/github.com/turtlesim-follow-path/.pixi/envs/default/include/rclcpp/rclcpp/publisher.hpp:403:64: note:   no known conversion for argument 1 from 'geometry_msgs::msg::Twist' {aka 'geometry_msgs::msg::Twist_<std::allocator<void> >'} to 'rclcpp::LoanedMessage<std_msgs::msg::String_<std::allocator<void> >, std::allocator<void> >&&'
  403 |   publish(rclcpp::LoanedMessage<ROSMessageType, AllocatorT> && loaned_msg)
      |           ~~~~~~~~~~~~~~~~~~~~~~~~~~~~~~~~~~~~~~~~~~~~~~~~~~~~~^~~~~~~~~~
ninja: build stopped: subcommand failed.
