[0.091s] [34mcolcon[0m [1;30mDEBUG[0m [32mCommand line arguments: ['/home/alvaro/github.com/turtlesim-follow-path/.pixi/envs/default/bin/colcon', 'build', '--symlink-install', '--event-handler', 'console_direct+', '--cmake-args', '-G', 'Ninja', '-DPython_EXECUTABLE=/home/alvaro/github.com/turtlesim-follow-path/.pixi/envs/default/bin/python', '-DPython3_EXECUTABLE=/home/alvaro/github.com/turtlesim-follow-path/.pixi/envs/default/bin/python'][0m
[0.091s] [34mcolcon[0m [1;30mDEBUG[0m [32mParsed command line arguments: Namespace(log_base=None, log_level=None, verb_name='build', build_base='build', install_base='install', merge_install=False, symlink_install=True, test_result_base=None, continue_on_error=False, executor='parallel', parallel_workers=20, event_handlers=['console_direct+'], ignore_user_meta=False, metas=['./colcon.meta'], base_paths=['.'], packages_ignore=None, packages_ignore_regex=None, paths=None, packages_up_to=None, packages_up_to_regex=None, packages_above=None, packages_above_and_dependencies=None, packages_above_depth=None, packages_select_by_dep=None, packages_skip_by_dep=None, packages_skip_up_to=None, packages_select_build_failed=False, packages_skip_build_finished=False, packages_select_test_failures=False, packages_skip_test_passed=False, packages_select=None, packages_skip=None, packages_select_regex=None, packages_skip_regex=None, packages_start=None, packages_end=None, cmake_args=['-G', 'Ninja', '-DPython_EXECUTABLE=/home/alvaro/github.com/turtlesim-follow-path/.pixi/envs/default/bin/python', '-DPython3_EXECUTABLE=/home/alvaro/github.com/turtlesim-follow-path/.pixi/envs/default/bin/python'], cmake_target=None, cmake_target_skip_unavailable=False, cmake_clean_cache=False, cmake_clean_first=False, cmake_force_configure=False, ament_cmake_args=None, catkin_cmake_args=None, catkin_skip_building_tests=False, verb_parser=<colcon_defaults.argument_parser.defaults.DefaultArgumentsDecorator object at 0x7c5dc6d36810>, verb_extension=<colcon_core.verb.build.BuildVerb object at 0x7c5dc6d36150>, main=<bound method BuildVerb.main of <colcon_core.verb.build.BuildVerb object at 0x7c5dc6d36150>>)[0m
[0.116s] [34mcolcon.colcon_core.package_discovery[0m [1;30mLevel 1[0m discover_packages(colcon_meta) check parameters
[0.116s] [34mcolcon.colcon_core.package_discovery[0m [1;30mLevel 1[0m discover_packages(recursive) check parameters
[0.116s] [34mcolcon.colcon_core.package_discovery[0m [1;30mLevel 1[0m discover_packages(ignore) check parameters
[0.117s] [34mcolcon.colcon_core.package_discovery[0m [1;30mLevel 1[0m discover_packages(path) check parameters
[0.117s] [34mcolcon.colcon_core.package_discovery[0m [1;30mLevel 1[0m discover_packages(colcon_meta) discover
[0.117s] [34mcolcon.colcon_core.package_discovery[0m [1;30mLevel 1[0m discover_packages(recursive) discover
[0.117s] [34mcolcon.colcon_core.package_discovery[0m [1;30mINFO[0m Crawling recursively for packages in '/home/alvaro/github.com/turtlesim-follow-path'
[0.117s] [34mcolcon.colcon_core.package_identification[0m [1;30mLevel 1[0m _identify(.) by extensions ['ignore', 'ignore_ament_install']
[0.117s] [34mcolcon.colcon_core.package_identification[0m [1;30mLevel 1[0m _identify(.) by extension 'ignore'
[0.117s] [34mcolcon.colcon_core.package_identification[0m [1;30mLevel 1[0m _identify(.) by extension 'ignore_ament_install'
[0.117s] [34mcolcon.colcon_core.package_identification[0m [1;30mLevel 1[0m _identify(.) by extensions ['colcon_pkg']
[0.117s] [34mcolcon.colcon_core.package_identification[0m [1;30mLevel 1[0m _identify(.) by extension 'colcon_pkg'
[0.117s] [34mcolcon.colcon_core.package_identification[0m [1;30mLevel 1[0m _identify(.) by extensions ['colcon_meta']
[0.117s] [34mcolcon.colcon_core.package_identification[0m [1;30mLevel 1[0m _identify(.) by extension 'colcon_meta'
[0.117s] [34mcolcon.colcon_core.package_identification[0m [1;30mLevel 1[0m _identify(.) by extensions ['ros']
[0.117s] [34mcolcon.colcon_core.package_identification[0m [1;30mLevel 1[0m _identify(.) by extension 'ros'
[0.135s] [34mcolcon.colcon_core.package_identification[0m [1;30mLevel 1[0m _identify(.) by extensions ['cmake', 'python']
[0.135s] [34mcolcon.colcon_core.package_identification[0m [1;30mLevel 1[0m _identify(.) by extension 'cmake'
[0.135s] [34mcolcon.colcon_core.package_identification[0m [1;30mLevel 1[0m _identify(.) by extension 'python'
[0.135s] [34mcolcon.colcon_core.package_identification[0m [1;30mLevel 1[0m _identify(.) by extensions ['python_setup_py']
[0.135s] [34mcolcon.colcon_core.package_identification[0m [1;30mLevel 1[0m _identify(.) by extension 'python_setup_py'
[0.135s] [34mcolcon.colcon_core.package_identification[0m [1;30mLevel 1[0m _identify(build) by extensions ['ignore', 'ignore_ament_install']
[0.135s] [34mcolcon.colcon_core.package_identification[0m [1;30mLevel 1[0m _identify(build) by extension 'ignore'
[0.135s] [34mcolcon.colcon_core.package_identification[0m [1;30mLevel 1[0m _identify(build) ignored
[0.135s] [34mcolcon.colcon_core.package_identification[0m [1;30mLevel 1[0m _identify(install) by extensions ['ignore', 'ignore_ament_install']
[0.135s] [34mcolcon.colcon_core.package_identification[0m [1;30mLevel 1[0m _identify(install) by extension 'ignore'
[0.135s] [34mcolcon.colcon_core.package_identification[0m [1;30mLevel 1[0m _identify(install) ignored
[0.136s] [34mcolcon.colcon_core.package_identification[0m [1;30mLevel 1[0m _identify(log) by extensions ['ignore', 'ignore_ament_install']
[0.136s] [34mcolcon.colcon_core.package_identification[0m [1;30mLevel 1[0m _identify(log) by extension 'ignore'
[0.136s] [34mcolcon.colcon_core.package_identification[0m [1;30mLevel 1[0m _identify(log) ignored
[0.136s] [34mcolcon.colcon_core.package_identification[0m [1;30mLevel 1[0m _identify(src) by extensions ['ignore', 'ignore_ament_install']
[0.136s] [34mcolcon.colcon_core.package_identification[0m [1;30mLevel 1[0m _identify(src) by extension 'ignore'
[0.136s] [34mcolcon.colcon_core.package_identification[0m [1;30mLevel 1[0m _identify(src) by extension 'ignore_ament_install'
[0.136s] [34mcolcon.colcon_core.package_identification[0m [1;30mLevel 1[0m _identify(src) by extensions ['colcon_pkg']
[0.136s] [34mcolcon.colcon_core.package_identification[0m [1;30mLevel 1[0m _identify(src) by extension 'colcon_pkg'
[0.136s] [34mcolcon.colcon_core.package_identification[0m [1;30mLevel 1[0m _identify(src) by extensions ['colcon_meta']
[0.136s] [34mcolcon.colcon_core.package_identification[0m [1;30mLevel 1[0m _identify(src) by extension 'colcon_meta'
[0.136s] [34mcolcon.colcon_core.package_identification[0m [1;30mLevel 1[0m _identify(src) by extensions ['ros']
[0.136s] [34mcolcon.colcon_core.package_identification[0m [1;30mLevel 1[0m _identify(src) by extension 'ros'
[0.136s] [34mcolcon.colcon_core.package_identification[0m [1;30mLevel 1[0m _identify(src) by extensions ['cmake', 'python']
[0.136s] [34mcolcon.colcon_core.package_identification[0m [1;30mLevel 1[0m _identify(src) by extension 'cmake'
[0.136s] [34mcolcon.colcon_core.package_identification[0m [1;30mLevel 1[0m _identify(src) by extension 'python'
[0.136s] [34mcolcon.colcon_core.package_identification[0m [1;30mLevel 1[0m _identify(src) by extensions ['python_setup_py']
[0.136s] [34mcolcon.colcon_core.package_identification[0m [1;30mLevel 1[0m _identify(src) by extension 'python_setup_py'
[0.136s] [34mcolcon.colcon_core.package_identification[0m [1;30mLevel 1[0m _identify(src/follow-path) by extensions ['ignore', 'ignore_ament_install']
[0.136s] [34mcolcon.colcon_core.package_identification[0m [1;30mLevel 1[0m _identify(src/follow-path) by extension 'ignore'
[0.136s] [34mcolcon.colcon_core.package_identification[0m [1;30mLevel 1[0m _identify(src/follow-path) by extension 'ignore_ament_install'
[0.136s] [34mcolcon.colcon_core.package_identification[0m [1;30mLevel 1[0m _identify(src/follow-path) by extensions ['colcon_pkg']
[0.136s] [34mcolcon.colcon_core.package_identification[0m [1;30mLevel 1[0m _identify(src/follow-path) by extension 'colcon_pkg'
[0.136s] [34mcolcon.colcon_core.package_identification[0m [1;30mLevel 1[0m _identify(src/follow-path) by extensions ['colcon_meta']
[0.136s] [34mcolcon.colcon_core.package_identification[0m [1;30mLevel 1[0m _identify(src/follow-path) by extension 'colcon_meta'
[0.136s] [34mcolcon.colcon_core.package_identification[0m [1;30mLevel 1[0m _identify(src/follow-path) by extensions ['ros']
[0.136s] [34mcolcon.colcon_core.package_identification[0m [1;30mLevel 1[0m _identify(src/follow-path) by extension 'ros'
[0.139s] [34mcolcon.colcon_core.package_identification[0m [1;30mDEBUG[0m [32mPackage 'src/follow-path' with type 'ros.ament_cmake' and name 'follow_path'[0m
[0.139s] [34mcolcon.colcon_core.package_discovery[0m [1;30mLevel 1[0m discover_packages(recursive) using defaults
[0.139s] [34mcolcon.colcon_core.package_discovery[0m [1;30mLevel 1[0m discover_packages(ignore) discover
[0.139s] [34mcolcon.colcon_core.package_discovery[0m [1;30mLevel 1[0m discover_packages(ignore) using defaults
[0.139s] [34mcolcon.colcon_core.package_discovery[0m [1;30mLevel 1[0m discover_packages(path) discover
[0.139s] [34mcolcon.colcon_core.package_discovery[0m [1;30mLevel 1[0m discover_packages(path) using defaults
[0.150s] [34mcolcon.colcon_core.verb[0m [1;30mLevel 5[0m set package 'follow_path' build argument 'cmake_args' from command line to '['-G', 'Ninja', '-DPython_EXECUTABLE=/home/alvaro/github.com/turtlesim-follow-path/.pixi/envs/default/bin/python', '-DPython3_EXECUTABLE=/home/alvaro/github.com/turtlesim-follow-path/.pixi/envs/default/bin/python']'
[0.150s] [34mcolcon.colcon_core.verb[0m [1;30mLevel 5[0m set package 'follow_path' build argument 'cmake_target' from command line to 'None'
[0.150s] [34mcolcon.colcon_core.verb[0m [1;30mLevel 5[0m set package 'follow_path' build argument 'cmake_target_skip_unavailable' from command line to 'False'
[0.150s] [34mcolcon.colcon_core.verb[0m [1;30mLevel 5[0m set package 'follow_path' build argument 'cmake_clean_cache' from command line to 'False'
[0.150s] [34mcolcon.colcon_core.verb[0m [1;30mLevel 5[0m set package 'follow_path' build argument 'cmake_clean_first' from command line to 'False'
[0.150s] [34mcolcon.colcon_core.verb[0m [1;30mLevel 5[0m set package 'follow_path' build argument 'cmake_force_configure' from command line to 'False'
[0.150s] [34mcolcon.colcon_core.verb[0m [1;30mLevel 5[0m set package 'follow_path' build argument 'ament_cmake_args' from command line to 'None'
[0.150s] [34mcolcon.colcon_core.verb[0m [1;30mLevel 5[0m set package 'follow_path' build argument 'catkin_cmake_args' from command line to 'None'
[0.150s] [34mcolcon.colcon_core.verb[0m [1;30mLevel 5[0m set package 'follow_path' build argument 'catkin_skip_building_tests' from command line to 'False'
[0.150s] [34mcolcon.colcon_core.verb[0m [1;30mDEBUG[0m [32mBuilding package 'follow_path' with the following arguments: {'ament_cmake_args': None, 'build_base': '/home/alvaro/github.com/turtlesim-follow-path/build/follow_path', 'catkin_cmake_args': None, 'catkin_skip_building_tests': False, 'cmake_args': ['-G', 'Ninja', '-DPython_EXECUTABLE=/home/alvaro/github.com/turtlesim-follow-path/.pixi/envs/default/bin/python', '-DPython3_EXECUTABLE=/home/alvaro/github.com/turtlesim-follow-path/.pixi/envs/default/bin/python'], 'cmake_clean_cache': False, 'cmake_clean_first': False, 'cmake_force_configure': False, 'cmake_target': None, 'cmake_target_skip_unavailable': False, 'install_base': '/home/alvaro/github.com/turtlesim-follow-path/install/follow_path', 'merge_install': False, 'path': '/home/alvaro/github.com/turtlesim-follow-path/src/follow-path', 'symlink_install': True, 'test_result_base': None}[0m
[0.151s] [34mcolcon.colcon_core.executor[0m [1;30mINFO[0m Executing jobs using 'parallel' executor
[0.151s] [34mcolcon.colcon_parallel_executor.executor.parallel[0m [1;30mDEBUG[0m [32mrun_until_complete[0m
[0.151s] [34mcolcon.colcon_ros.task.ament_cmake.build[0m [1;30mINFO[0m Building ROS package in '/home/alvaro/github.com/turtlesim-follow-path/src/follow-path' with build type 'ament_cmake'
[0.151s] [34mcolcon.colcon_cmake.task.cmake.build[0m [1;30mINFO[0m Building CMake package in '/home/alvaro/github.com/turtlesim-follow-path/src/follow-path'
[0.153s] [34mcolcon.colcon_core.plugin_system[0m [1;30mINFO[0m Skipping extension 'colcon_core.shell.bat': Not used on non-Windows systems
[0.153s] [34mcolcon.colcon_core.shell[0m [1;30mINFO[0m Skip shell extension 'powershell' for command environment: Not usable outside of PowerShell
[0.153s] [34mcolcon.colcon_core.shell[0m [1;30mDEBUG[0m [32mSkip shell extension 'dsv' for command environment[0m
[0.159s] [34mcolcon.colcon_core.event_handler.log_command[0m [1;30mDEBUG[0m [32mInvoking command in '/home/alvaro/github.com/turtlesim-follow-path/build/follow_path': DEBUGINFOD_URLS=https://debuginfod.ubuntu.com PIXI_PROMPT=(turtlesim-follow-path) /home/alvaro/github.com/turtlesim-follow-path/.pixi/envs/default/bin/cmake /home/alvaro/github.com/turtlesim-follow-path/src/follow-path -G Ninja -DPython_EXECUTABLE=/home/alvaro/github.com/turtlesim-follow-path/.pixi/envs/default/bin/python -DPython3_EXECUTABLE=/home/alvaro/github.com/turtlesim-follow-path/.pixi/envs/default/bin/python -DAMENT_CMAKE_SYMLINK_INSTALL=1 -DCMAKE_INSTALL_PREFIX=/home/alvaro/github.com/turtlesim-follow-path/install/follow_path[0m
[2.119s] [34mcolcon.colcon_core.event_handler.log_command[0m [1;30mDEBUG[0m [32mInvoked command in '/home/alvaro/github.com/turtlesim-follow-path/build/follow_path' returned '0': DEBUGINFOD_URLS=https://debuginfod.ubuntu.com PIXI_PROMPT=(turtlesim-follow-path) /home/alvaro/github.com/turtlesim-follow-path/.pixi/envs/default/bin/cmake /home/alvaro/github.com/turtlesim-follow-path/src/follow-path -G Ninja -DPython_EXECUTABLE=/home/alvaro/github.com/turtlesim-follow-path/.pixi/envs/default/bin/python -DPython3_EXECUTABLE=/home/alvaro/github.com/turtlesim-follow-path/.pixi/envs/default/bin/python -DAMENT_CMAKE_SYMLINK_INSTALL=1 -DCMAKE_INSTALL_PREFIX=/home/alvaro/github.com/turtlesim-follow-path/install/follow_path[0m
[2.120s] [34mcolcon.colcon_core.event_handler.log_command[0m [1;30mDEBUG[0m [32mInvoking command in '/home/alvaro/github.com/turtlesim-follow-path/build/follow_path': DEBUGINFOD_URLS=https://debuginfod.ubuntu.com PIXI_PROMPT=(turtlesim-follow-path) /home/alvaro/github.com/turtlesim-follow-path/.pixi/envs/default/bin/cmake --build /home/alvaro/github.com/turtlesim-follow-path/build/follow_path -- -j20 -l20[0m
[2.133s] [34mcolcon.colcon_core.event_handler.log_command[0m [1;30mDEBUG[0m [32mInvoked command in '/home/alvaro/github.com/turtlesim-follow-path/build/follow_path' returned '1': DEBUGINFOD_URLS=https://debuginfod.ubuntu.com PIXI_PROMPT=(turtlesim-follow-path) /home/alvaro/github.com/turtlesim-follow-path/.pixi/envs/default/bin/cmake --build /home/alvaro/github.com/turtlesim-follow-path/build/follow_path -- -j20 -l20[0m
[2.143s] [34mcolcon.colcon_core.environment[0m [1;30mLevel 1[0m create_environment_scripts_only(follow_path)
[2.147s] [34mcolcon.colcon_core.environment[0m [1;30mLevel 1[0m checking '/home/alvaro/github.com/turtlesim-follow-path/install/follow_path' for CMake module files
[2.147s] [34mcolcon.colcon_core.environment[0m [1;30mLevel 1[0m checking '/home/alvaro/github.com/turtlesim-follow-path/install/follow_path' for CMake config files
[2.147s] [34mcolcon.colcon_core.environment[0m [1;30mLevel 1[0m checking '/home/alvaro/github.com/turtlesim-follow-path/install/follow_path/bin'
[2.147s] [34mcolcon.colcon_core.environment[0m [1;30mLevel 1[0m checking '/home/alvaro/github.com/turtlesim-follow-path/install/follow_path/lib/pkgconfig/follow_path.pc'
[2.148s] [34mcolcon.colcon_core.environment[0m [1;30mLevel 1[0m checking '/home/alvaro/github.com/turtlesim-follow-path/install/follow_path/lib/python3.11/site-packages'
[2.149s] [34mcolcon.colcon_core.environment[0m [1;30mLevel 1[0m checking '/home/alvaro/github.com/turtlesim-follow-path/install/follow_path/bin'
[2.149s] [34mcolcon.colcon_core.shell[0m [1;30mINFO[0m Creating package script '/home/alvaro/github.com/turtlesim-follow-path/install/follow_path/share/follow_path/package.ps1'
[2.149s] [34mcolcon.colcon_core.shell[0m [1;30mINFO[0m Creating package descriptor '/home/alvaro/github.com/turtlesim-follow-path/install/follow_path/share/follow_path/package.dsv'
[2.150s] [34mcolcon.colcon_core.shell[0m [1;30mINFO[0m Creating package script '/home/alvaro/github.com/turtlesim-follow-path/install/follow_path/share/follow_path/package.sh'
[2.150s] [34mcolcon.colcon_core.shell[0m [1;30mINFO[0m Creating package script '/home/alvaro/github.com/turtlesim-follow-path/install/follow_path/share/follow_path/package.bash'
[2.150s] [34mcolcon.colcon_core.shell[0m [1;30mINFO[0m Creating package script '/home/alvaro/github.com/turtlesim-follow-path/install/follow_path/share/follow_path/package.zsh'
[2.151s] [34mcolcon.colcon_core.environment[0m [1;30mLevel 1[0m create_file_with_runtime_dependencies(/home/alvaro/github.com/turtlesim-follow-path/install/follow_path/share/colcon-core/packages/follow_path)
[2.161s] [34mcolcon.colcon_parallel_executor.executor.parallel[0m [1;30mDEBUG[0m [32mclosing loop[0m
[2.161s] [34mcolcon.colcon_parallel_executor.executor.parallel[0m [1;30mDEBUG[0m [32mloop closed[0m
[2.161s] [34mcolcon.colcon_parallel_executor.executor.parallel[0m [1;30mDEBUG[0m [32mrun_until_complete finished with '1'[0m
[2.162s] [34mcolcon.colcon_core.event_reactor[0m [1;30mDEBUG[0m [32mjoining thread[0m
[2.162s] [34mcolcon.colcon_core.event_reactor[0m [1;30mDEBUG[0m [32mjoined thread[0m
[2.162s] [34mcolcon.colcon_core.shell[0m [1;30mINFO[0m Creating prefix script '/home/alvaro/github.com/turtlesim-follow-path/install/local_setup.ps1'
[2.162s] [34mcolcon.colcon_core.shell[0m [1;30mINFO[0m Creating prefix util module '/home/alvaro/github.com/turtlesim-follow-path/install/_local_setup_util_ps1.py'
[2.163s] [34mcolcon.colcon_core.shell[0m [1;30mINFO[0m Creating prefix chain script '/home/alvaro/github.com/turtlesim-follow-path/install/setup.ps1'
[2.164s] [34mcolcon.colcon_core.shell[0m [1;30mINFO[0m Creating prefix script '/home/alvaro/github.com/turtlesim-follow-path/install/local_setup.sh'
[2.164s] [34mcolcon.colcon_core.shell[0m [1;30mINFO[0m Creating prefix util module '/home/alvaro/github.com/turtlesim-follow-path/install/_local_setup_util_sh.py'
[2.164s] [34mcolcon.colcon_core.shell[0m [1;30mINFO[0m Creating prefix chain script '/home/alvaro/github.com/turtlesim-follow-path/install/setup.sh'
[2.165s] [34mcolcon.colcon_core.shell[0m [1;30mINFO[0m Creating prefix script '/home/alvaro/github.com/turtlesim-follow-path/install/local_setup.bash'
[2.165s] [34mcolcon.colcon_core.shell[0m [1;30mINFO[0m Creating prefix chain script '/home/alvaro/github.com/turtlesim-follow-path/install/setup.bash'
[2.166s] [34mcolcon.colcon_core.shell[0m [1;30mINFO[0m Creating prefix script '/home/alvaro/github.com/turtlesim-follow-path/install/local_setup.zsh'
[2.166s] [34mcolcon.colcon_core.shell[0m [1;30mINFO[0m Creating prefix chain script '/home/alvaro/github.com/turtlesim-follow-path/install/setup.zsh'
