[0.007s] Invoking command in '/home/alvaro/github.com/turtlesim-follow-path/build/follow_path': DEBUGINFOD_URLS=https://debuginfod.ubuntu.com PIXI_PROMPT=(turtlesim-follow-path) /home/alvaro/github.com/turtlesim-follow-path/.pixi/envs/default/bin/cmake --build /home/alvaro/github.com/turtlesim-follow-path/build/follow_path -- -j20 -l20
[0.014s] 
[0.014s] [0/1] Re-running CMake...[K
[0.023s] -- Found ament_cmake: 1.3.7 (/home/alvaro/github.com/turtlesim-follow-path/.pixi/envs/default/share/ament_cmake/cmake)
[0.081s] -- Override CMake install command with custom implementation using symlinks instead of copying resources
[0.087s] -- Found rclcpp: 16.0.8 (/home/alvaro/github.com/turtlesim-follow-path/.pixi/envs/default/share/rclcpp/cmake)
[0.112s] -- Found rosidl_generator_c: 3.1.5 (/home/alvaro/github.com/turtlesim-follow-path/.pixi/envs/default/share/rosidl_generator_c/cmake)
[0.115s] -- Found rosidl_adapter: 3.1.5 (/home/alvaro/github.com/turtlesim-follow-path/.pixi/envs/default/share/rosidl_adapter/cmake)
[0.121s] -- Found rosidl_generator_cpp: 3.1.5 (/home/alvaro/github.com/turtlesim-follow-path/.pixi/envs/default/share/rosidl_generator_cpp/cmake)
[0.133s] -- Using all available rosidl_typesupport_c: rosidl_typesupport_fastrtps_c;rosidl_typesupport_introspection_c
[0.150s] -- Using all available rosidl_typesupport_cpp: rosidl_typesupport_fastrtps_cpp;rosidl_typesupport_introspection_cpp
[0.228s] -- Found rmw_implementation_cmake: 6.1.1 (/home/alvaro/github.com/turtlesim-follow-path/.pixi/envs/default/share/rmw_implementation_cmake/cmake)
[0.229s] -- Found rmw_fastrtps_cpp: 6.2.6 (/home/alvaro/github.com/turtlesim-follow-path/.pixi/envs/default/share/rmw_fastrtps_cpp/cmake)
[0.338s] -- Using RMW implementation 'rmw_fastrtps_cpp' as default
[0.461s] -- Found std_msgs: 4.2.3 (/home/alvaro/github.com/turtlesim-follow-path/.pixi/envs/default/share/std_msgs/cmake)
[0.496s] -- Found geometry_msgs: 4.2.3 (/home/alvaro/github.com/turtlesim-follow-path/.pixi/envs/default/share/geometry_msgs/cmake)
[0.543s] -- Found ament_lint_auto: 0.12.10 (/home/alvaro/github.com/turtlesim-follow-path/.pixi/envs/default/share/ament_lint_auto/cmake)
[0.543s] -- Found ament_cmake_gmock: 1.3.7 (/home/alvaro/github.com/turtlesim-follow-path/.pixi/envs/default/share/ament_cmake_gmock/cmake)
[0.608s] -- Added test 'cppcheck' to perform static code analysis on C / C++ code
[0.608s] -- Configured cppcheck include dirs: $<BUILD_INTERFACE:/home/alvaro/github.com/turtlesim-follow-path/src/follow-path/include>
[0.608s] -- Configured cppcheck exclude dirs and/or files: 
[0.610s] -- Added test 'lint_cmake' to check CMake code style
[0.613s] -- Added test 'uncrustify' to check C / C++ code style
[0.614s] -- Configured uncrustify additional arguments: 
[0.614s] -- Added test 'xmllint' to check XML markup files
[0.615s] -- Configuring done (0.6s)
[0.621s] -- Generating done (0.0s)
[0.626s] -- Build files have been written to: /home/alvaro/github.com/turtlesim-follow-path/build/follow_path
[0.634s] 
[3.131s] [0/3] Building CXX object CMakeFiles/follow_path_node.dir/src/follow_path_node.cpp.o[K
[3.131s] [1/3] Building CXX object CMakeFiles/follow_path_node.dir/src/follow_path_node.cpp.o[K
[3.131s] [31mFAILED: [0mCMakeFiles/follow_path_node.dir/src/follow_path_node.cpp.o 
[3.131s] /home/alvaro/github.com/turtlesim-follow-path/.pixi/envs/default/bin/x86_64-conda-linux-gnu-c++ -DDEFAULT_RMW_IMPLEMENTATION=rmw_fastrtps_cpp -I/home/alvaro/github.com/turtlesim-follow-path/src/follow-path/include -isystem /home/alvaro/github.com/turtlesim-follow-path/.pixi/envs/default/include/rclcpp -isystem /home/alvaro/github.com/turtlesim-follow-path/.pixi/envs/default/include/std_msgs -isystem /home/alvaro/github.com/turtlesim-follow-path/.pixi/envs/default/include/geometry_msgs -isystem /home/alvaro/github.com/turtlesim-follow-path/.pixi/envs/default/include/ament_index_cpp -isystem /home/alvaro/github.com/turtlesim-follow-path/.pixi/envs/default/include/libstatistics_collector -isystem /home/alvaro/github.com/turtlesim-follow-path/.pixi/envs/default/include/builtin_interfaces -isystem /home/alvaro/github.com/turtlesim-follow-path/.pixi/envs/default/include/rosidl_runtime_c -isystem /home/alvaro/github.com/turtlesim-follow-path/.pixi/envs/default/include/rcutils -isystem /home/alvaro/github.com/turtlesim-follow-path/.pixi/envs/default/include/rosidl_typesupport_interface -isystem /home/alvaro/github.com/turtlesim-follow-path/.pixi/envs/default/include/rosidl_runtime_cpp -isystem /home/alvaro/github.com/turtlesim-follow-path/.pixi/envs/default/include/rosidl_typesupport_fastrtps_cpp -isystem /home/alvaro/github.com/turtlesim-follow-path/.pixi/envs/default/include/rmw -isystem /home/alvaro/github.com/turtlesim-follow-path/.pixi/envs/default/include/rosidl_typesupport_fastrtps_c -isystem /home/alvaro/github.com/turtlesim-follow-path/.pixi/envs/default/include/rosidl_typesupport_introspection_c -isystem /home/alvaro/github.com/turtlesim-follow-path/.pixi/envs/default/include/rosidl_typesupport_introspection_cpp -isystem /home/alvaro/github.com/turtlesim-follow-path/.pixi/envs/default/include/rcl -isystem /home/alvaro/github.com/turtlesim-follow-path/.pixi/envs/default/include/rcl_interfaces -isystem /home/alvaro/github.com/turtlesim-follow-path/.pixi/envs/default/include/rcl_logging_interface -isystem /home/alvaro/github.com/turtlesim-follow-path/.pixi/envs/default/include/rcl_yaml_param_parser -isystem /home/alvaro/github.com/turtlesim-follow-path/.pixi/envs/default/include/tracetools -isystem /home/alvaro/github.com/turtlesim-follow-path/.pixi/envs/default/include/rcpputils -isystem /home/alvaro/github.com/turtlesim-follow-path/.pixi/envs/default/include/statistics_msgs -isystem /home/alvaro/github.com/turtlesim-follow-path/.pixi/envs/default/include/rosgraph_msgs -isystem /home/alvaro/github.com/turtlesim-follow-path/.pixi/envs/default/include/rosidl_typesupport_cpp -isystem /home/alvaro/github.com/turtlesim-follow-path/.pixi/envs/default/include/rosidl_typesupport_c -fvisibility-inlines-hidden -fmessage-length=0 -march=nocona -mtune=haswell -ftree-vectorize -fPIC -fstack-protector-strong -fno-plt -O2 -ffunction-sections -pipe -isystem /home/alvaro/github.com/turtlesim-follow-path/.pixi/envs/default/include -std=gnu++20 -Wall -Wextra -Wpedantic -MD -MT CMakeFiles/follow_path_node.dir/src/follow_path_node.cpp.o -MF CMakeFiles/follow_path_node.dir/src/follow_path_node.cpp.o.d -o CMakeFiles/follow_path_node.dir/src/follow_path_node.cpp.o -c /home/alvaro/github.com/turtlesim-follow-path/src/follow-path/src/follow_path_node.cpp
[3.131s] /home/alvaro/github.com/turtlesim-follow-path/src/follow-path/src/follow_path_node.cpp: In constructor 'FollowPathNode::FollowPathNode()':
[3.131s] /home/alvaro/github.com/turtlesim-follow-path/src/follow-path/src/follow_path_node.cpp:11:39: error: 'timer_callback' is not a member of 'FollowPathNode'
[3.132s]    11 |     500ms, std::bind(&FollowPathNode::timer_callback, this));
[3.132s]       |                                       ^~~~~~~~~~~~~~
[3.132s] /home/alvaro/github.com/turtlesim-follow-path/src/follow-path/src/follow_path_node.cpp: At global scope:
[3.132s] /home/alvaro/github.com/turtlesim-follow-path/src/follow-path/src/follow_path_node.cpp:14:6: error: no declaration matches 'void FollowPathNode::timer_callback()'
[3.132s]    14 | void FollowPathNode::timer_callback()
[3.132s]       |      ^~~~~~~~~~~~~~
[3.132s] /home/alvaro/github.com/turtlesim-follow-path/src/follow-path/src/follow_path_node.cpp:14:6: note: no functions named 'void FollowPathNode::timer_callback()'
[3.132s] In file included from /home/alvaro/github.com/turtlesim-follow-path/src/follow-path/src/follow_path_node.cpp:1:
[3.132s] /home/alvaro/github.com/turtlesim-follow-path/src/follow-path/include/follow_path_node.h:6:7: note: 'class FollowPathNode' defined here
[3.132s]     6 | class FollowPathNode final : public rclcpp::Node {
[3.132s]       |       ^~~~~~~~~~~~~~
[3.132s] ninja: build stopped: subcommand failed.
[3.133s] Invoked command in '/home/alvaro/github.com/turtlesim-follow-path/build/follow_path' returned '1': DEBUGINFOD_URLS=https://debuginfod.ubuntu.com PIXI_PROMPT=(turtlesim-follow-path) /home/alvaro/github.com/turtlesim-follow-path/.pixi/envs/default/bin/cmake --build /home/alvaro/github.com/turtlesim-follow-path/build/follow_path -- -j20 -l20
