[0.007s] Invoking command in '/home/alvaro/github.com/turtlesim-follow-path/build/follow_path': DEBUGINFOD_URLS=https://debuginfod.ubuntu.com PIXI_PROMPT=(turtlesim-follow-path) /home/alvaro/github.com/turtlesim-follow-path/.pixi/envs/default/bin/cmake --build /home/alvaro/github.com/turtlesim-follow-path/build/follow_path -- -j20 -l20
[0.016s] 
[0.016s] [0/4] Building CXX object CMakeFiles/follow_path_node.dir/src/follow_path_node.cpp.o[K
[0.020s] [0/4] cd /home/alvaro/github.com/turtlesim-follow-path/build/follow_path && /home/alvaro/github.com/turtlesim-follow-path/.pixi/envs/default/bin/cmake -E create_symlink /home/alvaro/github.com/turtlesim-follow-path/build/follow_path/rosidl_generator_py/follow_path /home/alvaro/github.com/turtlesim-follow-path/build/follow_path/ament_cmake_python/follow_path/follow_path[K
[0.020s] [1/4] cd /home/alvaro/github.com/turtlesim-follow-path/build/follow_path && /home/alvaro/github.com/turtlesim-follow-path/.pixi/envs/default/bin/cmake -E create_symlink /home/alvaro/github.com/turtlesim-follow-path/build/follow_path/rosidl_generator_py/follow_path /home/alvaro/github.com/turtlesim-follow-path/build/follow_path/ament_cmake_python/follow_path/follow_path[K
[0.187s] [1/4] cd /home/alvaro/github.com/turtlesim-follow-path/build/follow_path/ament_cmake_python/follow_path && /home/alvaro/github.com/turtlesim-follow-path/.pixi/envs/default/bin/python setup.py egg_info[K
[0.187s] [2/4] cd /home/alvaro/github.com/turtlesim-follow-path/build/follow_path/ament_cmake_python/follow_path && /home/alvaro/github.com/turtlesim-follow-path/.pixi/envs/default/bin/python setup.py egg_info[K
[0.187s] running egg_info
[0.187s] writing follow_path.egg-info/PKG-INFO
[0.187s] writing dependency_links to follow_path.egg-info/dependency_links.txt
[0.187s] writing top-level names to follow_path.egg-info/top_level.txt
[0.188s] reading manifest file 'follow_path.egg-info/SOURCES.txt'
[0.188s] writing manifest file 'follow_path.egg-info/SOURCES.txt'
[0.203s] 
[0.203s] [3/4] Building CXX object CMakeFiles/follow_path_node.dir/src/follow_path_node.cpp.o[K
[0.203s] [31mFAILED: [0mCMakeFiles/follow_path_node.dir/src/follow_path_node.cpp.o 
[0.203s] /home/alvaro/github.com/turtlesim-follow-path/.pixi/envs/default/bin/x86_64-conda-linux-gnu-c++ -DDEFAULT_RMW_IMPLEMENTATION=rmw_fastrtps_cpp -DROS_PACKAGE_NAME=\"follow_path\" -I/home/alvaro/github.com/turtlesim-follow-path/src/follow-path/include -isystem /home/alvaro/github.com/turtlesim-follow-path/.pixi/envs/default/include/rclcpp -isystem /home/alvaro/github.com/turtlesim-follow-path/.pixi/envs/default/include/std_msgs -isystem /home/alvaro/github.com/turtlesim-follow-path/.pixi/envs/default/include/geometry_msgs -isystem /home/alvaro/github.com/turtlesim-follow-path/.pixi/envs/default/include/ament_index_cpp -isystem /home/alvaro/github.com/turtlesim-follow-path/.pixi/envs/default/include/libstatistics_collector -isystem /home/alvaro/github.com/turtlesim-follow-path/.pixi/envs/default/include/builtin_interfaces -isystem /home/alvaro/github.com/turtlesim-follow-path/.pixi/envs/default/include/rosidl_runtime_c -isystem /home/alvaro/github.com/turtlesim-follow-path/.pixi/envs/default/include/rcutils -isystem /home/alvaro/github.com/turtlesim-follow-path/.pixi/envs/default/include/rosidl_typesupport_interface -isystem /home/alvaro/github.com/turtlesim-follow-path/.pixi/envs/default/include/rosidl_runtime_cpp -isystem /home/alvaro/github.com/turtlesim-follow-path/.pixi/envs/default/include/rosidl_typesupport_fastrtps_cpp -isystem /home/alvaro/github.com/turtlesim-follow-path/.pixi/envs/default/include/rmw -isystem /home/alvaro/github.com/turtlesim-follow-path/.pixi/envs/default/include/rosidl_typesupport_fastrtps_c -isystem /home/alvaro/github.com/turtlesim-follow-path/.pixi/envs/default/include/rosidl_typesupport_introspection_c -isystem /home/alvaro/github.com/turtlesim-follow-path/.pixi/envs/default/include/rosidl_typesupport_introspection_cpp -isystem /home/alvaro/github.com/turtlesim-follow-path/.pixi/envs/default/include/rcl -isystem /home/alvaro/github.com/turtlesim-follow-path/.pixi/envs/default/include/rcl_interfaces -isystem /home/alvaro/github.com/turtlesim-follow-path/.pixi/envs/default/include/rcl_logging_interface -isystem /home/alvaro/github.com/turtlesim-follow-path/.pixi/envs/default/include/rcl_yaml_param_parser -isystem /home/alvaro/github.com/turtlesim-follow-path/.pixi/envs/default/include/tracetools -isystem /home/alvaro/github.com/turtlesim-follow-path/.pixi/envs/default/include/rcpputils -isystem /home/alvaro/github.com/turtlesim-follow-path/.pixi/envs/default/include/statistics_msgs -isystem /home/alvaro/github.com/turtlesim-follow-path/.pixi/envs/default/include/rosgraph_msgs -isystem /home/alvaro/github.com/turtlesim-follow-path/.pixi/envs/default/include/rosidl_typesupport_cpp -isystem /home/alvaro/github.com/turtlesim-follow-path/.pixi/envs/default/include/rosidl_typesupport_c -fvisibility-inlines-hidden -fmessage-length=0 -march=nocona -mtune=haswell -ftree-vectorize -fPIC -fstack-protector-strong -fno-plt -O2 -ffunction-sections -pipe -isystem /home/alvaro/github.com/turtlesim-follow-path/.pixi/envs/default/include -std=gnu++20 -Wall -Wextra -Wpedantic -MD -MT CMakeFiles/follow_path_node.dir/src/follow_path_node.cpp.o -MF CMakeFiles/follow_path_node.dir/src/follow_path_node.cpp.o.d -o CMakeFiles/follow_path_node.dir/src/follow_path_node.cpp.o -c /home/alvaro/github.com/turtlesim-follow-path/src/follow-path/src/follow_path_node.cpp
[0.203s] In file included from /home/alvaro/github.com/turtlesim-follow-path/src/follow-path/src/follow_path_node.cpp:1:
[0.203s] /home/alvaro/github.com/turtlesim-follow-path/src/follow-path/include/follow_path_node.h:4:10: fatal error: follow_path/srv/go_to.h: No such file or directory
[0.203s]     4 | #include "follow_path/srv/go_to.h"
[0.203s]       |          ^~~~~~~~~~~~~~~~~~~~~~~~~
[0.203s] compilation terminated.
[0.203s] ninja: build stopped: subcommand failed.
[0.205s] Invoked command in '/home/alvaro/github.com/turtlesim-follow-path/build/follow_path' returned '1': DEBUGINFOD_URLS=https://debuginfod.ubuntu.com PIXI_PROMPT=(turtlesim-follow-path) /home/alvaro/github.com/turtlesim-follow-path/.pixi/envs/default/bin/cmake --build /home/alvaro/github.com/turtlesim-follow-path/build/follow_path -- -j20 -l20
